Initialize engine version: 5.3.3p1 (828971bd30e1)
Forcing GfxDevice: Null
NullGfxDevice:
    Version:  NULL 1.0 [1.0]
    Renderer: Null Device
    Vendor:   Unity Technologies
Begin MonoManager ReloadAssembly
Platform assembly: E:\rust_final\RustDedicated_Data\Managed\UnityEngine.dll (this message is harmless)
Loading E:\rust_final\RustDedicated_Data\Managed\UnityEngine.dll into Unity Child Domain
Platform assembly: E:\rust_final\RustDedicated_Data\Managed\I18N.dll (this message is harmless)
Platform assembly: E:\rust_final\RustDedicated_Data\Managed\I18N.West.dll (this message is harmless)
Platform assembly: E:\rust_final\RustDedicated_Data\Managed\Assembly-CSharp-firstpass.dll (this message is harmless)
Loading E:\rust_final\RustDedicated_Data\Managed\Assembly-CSharp-firstpass.dll into Unity Child Domain
Platform assembly: E:\rust_final\RustDedicated_Data\Managed\Assembly-CSharp.dll (this message is harmless)
Loading E:\rust_final\RustDedicated_Data\Managed\Assembly-CSharp.dll into Unity Child Domain
Platform assembly: E:\rust_final\RustDedicated_Data\Managed\Assembly-UnityScript-firstpass.dll (this message is harmless)
Loading E:\rust_final\RustDedicated_Data\Managed\Assembly-UnityScript-firstpass.dll into Unity Child Domain
Platform assembly: E:\rust_final\RustDedicated_Data\Managed\UnityEngine.UI.dll (this message is harmless)
Loading E:\rust_final\RustDedicated_Data\Managed\UnityEngine.UI.dll into Unity Child Domain
Platform assembly: E:\rust_final\RustDedicated_Data\Managed\UnityEngine.Networking.dll (this message is harmless)
Loading E:\rust_final\RustDedicated_Data\Managed\UnityEngine.Networking.dll into Unity Child Domain
Platform assembly: E:\rust_final\RustDedicated_Data\Managed\ConvexHull.dll (this message is harmless)
Loading E:\rust_final\RustDedicated_Data\Managed\ConvexHull.dll into Unity Child Domain
Platform assembly: E:\rust_final\RustDedicated_Data\Managed\I18N.CJK.dll (this message is harmless)
Loading E:\rust_final\RustDedicated_Data\Managed\I18N.CJK.dll into Unity Child Domain
Platform assembly: E:\rust_final\RustDedicated_Data\Managed\I18N.dll (this message is harmless)
Loading E:\rust_final\RustDedicated_Data\Managed\I18N.dll into Unity Child Domain
Platform assembly: E:\rust_final\RustDedicated_Data\Managed\I18N.MidEast.dll (this message is harmless)
Loading E:\rust_final\RustDedicated_Data\Managed\I18N.MidEast.dll into Unity Child Domain
Platform assembly: E:\rust_final\RustDedicated_Data\Managed\I18N.Other.dll (this message is harmless)
Loading E:\rust_final\RustDedicated_Data\Managed\I18N.Other.dll into Unity Child Domain
Platform assembly: E:\rust_final\RustDedicated_Data\Managed\I18N.Rare.dll (this message is harmless)
Loading E:\rust_final\RustDedicated_Data\Managed\I18N.Rare.dll into Unity Child Domain
Platform assembly: E:\rust_final\RustDedicated_Data\Managed\I18N.West.dll (this message is harmless)
Loading E:\rust_final\RustDedicated_Data\Managed\I18N.West.dll into Unity Child Domain
Platform assembly: E:\rust_final\RustDedicated_Data\Managed\Ionic.Zip.Reduced.dll (this message is harmless)
Loading E:\rust_final\RustDedicated_Data\Managed\Ionic.Zip.Reduced.dll into Unity Child Domain
Platform assembly: E:\rust_final\RustDedicated_Data\Managed\LZ4n.dll (this message is harmless)
Loading E:\rust_final\RustDedicated_Data\Managed\LZ4n.dll into Unity Child Domain
Platform assembly: E:\rust_final\RustDedicated_Data\Managed\Newtonsoft.Json.dll (this message is harmless)
Loading E:\rust_final\RustDedicated_Data\Managed\Newtonsoft.Json.dll into Unity Child Domain
Platform assembly: E:\rust_final\RustDedicated_Data\Managed\Behave.Unity.Assets.dll (this message is harmless)
Loading E:\rust_final\RustDedicated_Data\Managed\Behave.Unity.Assets.dll into Unity Child Domain
Platform assembly: E:\rust_final\RustDedicated_Data\Managed\Behave.Unity.Runtime.dll (this message is harmless)
Loading E:\rust_final\RustDedicated_Data\Managed\Behave.Unity.Runtime.dll into Unity Child Domain
Platform assembly: E:\rust_final\RustDedicated_Data\Managed\protobuf-net.dll (this message is harmless)
Loading E:\rust_final\RustDedicated_Data\Managed\protobuf-net.dll into Unity Child Domain
Platform assembly: E:\rust_final\RustDedicated_Data\Managed\RustBuild.dll (this message is harmless)
Loading E:\rust_final\RustDedicated_Data\Managed\RustBuild.dll into Unity Child Domain
Platform assembly: E:\rust_final\RustDedicated_Data\Managed\EasyAntiCheat.Client.dll (this message is harmless)
Loading E:\rust_final\RustDedicated_Data\Managed\EasyAntiCheat.Client.dll into Unity Child Domain
Platform assembly: E:\rust_final\RustDedicated_Data\Managed\EasyAntiCheat.Server.dll (this message is harmless)
Loading E:\rust_final\RustDedicated_Data\Managed\EasyAntiCheat.Server.dll into Unity Child Domain
Platform assembly: E:\rust_final\RustDedicated_Data\Managed\Facepunch.Input.dll (this message is harmless)
Loading E:\rust_final\RustDedicated_Data\Managed\Facepunch.Input.dll into Unity Child Domain
Platform assembly: E:\rust_final\RustDedicated_Data\Managed\Facepunch.Network.dll (this message is harmless)
Loading E:\rust_final\RustDedicated_Data\Managed\Facepunch.Network.dll into Unity Child Domain
Platform assembly: E:\rust_final\RustDedicated_Data\Managed\Facepunch.Rcon.dll (this message is harmless)
Loading E:\rust_final\RustDedicated_Data\Managed\Facepunch.Rcon.dll into Unity Child Domain
Platform assembly: E:\rust_final\RustDedicated_Data\Managed\Facepunch.System.dll (this message is harmless)
Loading E:\rust_final\RustDedicated_Data\Managed\Facepunch.System.dll into Unity Child Domain
Platform assembly: E:\rust_final\RustDedicated_Data\Managed\Facepunch.UnityEngine.dll (this message is harmless)
Loading E:\rust_final\RustDedicated_Data\Managed\Facepunch.UnityEngine.dll into Unity Child Domain
Platform assembly: E:\rust_final\RustDedicated_Data\Managed\Rust.Data.dll (this message is harmless)
Loading E:\rust_final\RustDedicated_Data\Managed\Rust.Data.dll into Unity Child Domain
Platform assembly: E:\rust_final\RustDedicated_Data\Managed\websocket-sharp.dll (this message is harmless)
Loading E:\rust_final\RustDedicated_Data\Managed\websocket-sharp.dll into Unity Child Domain
- Completed reload, in  0.213 seconds
Platform assembly: E:\rust_final\RustDedicated_Data\Managed\System.Core.dll (this message is harmless)
Platform assembly: E:\rust_final\RustDedicated_Data\Managed\System.dll (this message is harmless)
UnloadTime: 1.063926 ms
System
	Name: PALMIERI-PC
	OS:   Windows 7 Service Pack 1 (6.1.7601) 64bit

CPU
	Model:  AMD Phenom(tm) II X6 1090T Processor
	Cores:  6
	Memory: 8192 MB

GPU
	Model:  Null Device
	API:    NULL 1.0 [1.0]
	Memory: 128 MB
	SM:     20

Memory
	Private:     112 MB
	Working Set: 94 MB

Mono
	Collects: 4
	Memory:   0 MB



 
(Filename: C:/buildslave/unity/build/artifacts/generated/common/runtime/UnityEngineDebugBindings.gen.cpp Line: 37)

Platform assembly: E:\rust_final\RustDedicated_Data\Managed\Oxide.Core.dll (this message is harmless)
server.ip: "192.168.0.107"
 
(Filename: C:/buildslave/unity/build/artifacts/generated/common/runtime/UnityEngineDebugBindings.gen.cpp Line: 37)

rcon.ip: "192.168.0.107"
 
(Filename: C:/buildslave/unity/build/artifacts/generated/common/runtime/UnityEngineDebugBindings.gen.cpp Line: 37)

server.port: "28015"
 
(Filename: C:/buildslave/unity/build/artifacts/generated/common/runtime/UnityEngineDebugBindings.gen.cpp Line: 37)

rcon.port: "28016"
 
(Filename: C:/buildslave/unity/build/artifacts/generated/common/runtime/UnityEngineDebugBindings.gen.cpp Line: 37)

rcon.password: "15021"
 
(Filename: C:/buildslave/unity/build/artifacts/generated/common/runtime/UnityEngineDebugBindings.gen.cpp Line: 37)

server.identity: "my_server_identity"
 
(Filename: C:/buildslave/unity/build/artifacts/generated/common/runtime/UnityEngineDebugBindings.gen.cpp Line: 37)

server.level: "Procedural Map"
 
(Filename: C:/buildslave/unity/build/artifacts/generated/common/runtime/UnityEngineDebugBindings.gen.cpp Line: 37)

server.seed: "12345"
 
(Filename: C:/buildslave/unity/build/artifacts/generated/common/runtime/UnityEngineDebugBindings.gen.cpp Line: 37)

server.globalchat: "True"
 
(Filename: C:/buildslave/unity/build/artifacts/generated/common/runtime/UnityEngineDebugBindings.gen.cpp Line: 37)

server.description: "Servidor Teste - Ajudem sua opniÒo conta aqui!"
 
(Filename: C:/buildslave/unity/build/artifacts/generated/common/runtime/UnityEngineDebugBindings.gen.cpp Line: 37)

server.headerimage: "http://oxidemod.org/styles/oxide/logo.png"
 
(Filename: C:/buildslave/unity/build/artifacts/generated/common/runtime/UnityEngineDebugBindings.gen.cpp Line: 37)

server.url: "http://oxidemod.org"
 
(Filename: C:/buildslave/unity/build/artifacts/generated/common/runtime/UnityEngineDebugBindings.gen.cpp Line: 37)

Platform assembly: E:\rust_final\RustDedicated_Data\Managed\System.Runtime.Serialization.dll (this message is harmless)
Platform assembly: E:\rust_final\RustDedicated_Data\Managed\System.Xml.Linq.dll (this message is harmless)
Platform assembly: E:\rust_final\RustDedicated_Data\Managed\System.Xml.dll (this message is harmless)
Platform assembly: E:\rust_final\RustDedicated_Data\Managed\System.Data.dll (this message is harmless)
Platform assembly: E:\rust_final\RustDedicated_Data\Managed\System.Configuration.dll (this message is harmless)
Platform assembly: E:\rust_final\RustDedicated_Data\Managed\Oxide.Ext.CSharp.dll (this message is harmless)
Platform assembly: E:\rust_final\RustDedicated_Data\Managed\Mono.Cecil.dll (this message is harmless)
Platform assembly: E:\rust_final\RustDedicated_Data\Managed\Oxide.Ext.JavaScript.dll (this message is harmless)
Platform assembly: E:\rust_final\RustDedicated_Data\Managed\Jint.dll (this message is harmless)
Platform assembly: E:\rust_final\RustDedicated_Data\Managed\Oxide.Ext.Lua.dll (this message is harmless)
Platform assembly: E:\rust_final\RustDedicated_Data\Managed\NLua.dll (this message is harmless)
Platform assembly: E:\rust_final\RustDedicated_Data\Managed\KeraLua.dll (this message is harmless)
Platform assembly: E:\rust_final\RustDedicated_Data\Managed\Oxide.Ext.MySql.dll (this message is harmless)
Platform assembly: E:\rust_final\RustDedicated_Data\Managed\MySql.Data.dll (this message is harmless)
Platform assembly: E:\rust_final\RustDedicated_Data\Managed\Oxide.Ext.Python.dll (this message is harmless)
Platform assembly: E:\rust_final\RustDedicated_Data\Managed\Microsoft.Scripting.dll (this message is harmless)
Platform assembly: E:\rust_final\RustDedicated_Data\Managed\IronPython.dll (this message is harmless)
Platform assembly: E:\rust_final\RustDedicated_Data\Managed\Microsoft.Dynamic.dll (this message is harmless)
Platform assembly: E:\rust_final\RustDedicated_Data\Managed\Microsoft.Scripting.Core.dll (this message is harmless)
Platform assembly: E:\rust_final\RustDedicated_Data\Managed\IronPython.Modules.dll (this message is harmless)
Platform assembly: E:\rust_final\RustDedicated_Data\Managed\Mono.Security.dll (this message is harmless)
Platform assembly: E:\rust_final\RustDedicated_Data\Managed\Oxide.Ext.RustIO.dll (this message is harmless)
Platform assembly: E:\rust_final\RustDedicated_Data\Managed\Oxide.Ext.SQLite.dll (this message is harmless)
Platform assembly: E:\rust_final\RustDedicated_Data\Managed\System.Data.SQLite.dll (this message is harmless)
Platform assembly: E:\rust_final\RustDedicated_Data\Managed\Oxide.Ext.Unity.dll (this message is harmless)
Platform assembly: E:\rust_final\RustDedicated_Data\Managed\Oxide.Game.Rust.dll (this message is harmless)
Platform assembly: E:\rust_final\RustDedicated_Data\Managed\System.Transactions.dll (this message is harmless)
Platform assembly: E:\rust_final\RustDedicated_Data\Managed\System.Configuration.Install.dll (this message is harmless)
Platform assembly: E:\rust_final\RustDedicated_Data\Managed\Mono.Data.Tds.dll (this message is harmless)
Platform assembly: E:\rust_final\RustDedicated_Data\Managed\Mono.Cecil.Rocks.dll (this message is harmless)
Non platform assembly: data-0000000017710F70 (this message is harmless)
Fallback handler could not load library E:/rust_final/RustDedicated_Data/Mono/data-0000000017710F70.dll
Command Line: "RustDedicated" "-batchmode" "-nographics" "+server.ip" "192.168.0.107" "+rcon.ip" "192.168.0.107" "+server.port" "28015" "+rcon.port" "28016" "+rcon.password" "15021" "+server.identity" "my_server_identity" "+server.level" "Procedural Map" "+server.seed" "12345" "+server.globalchat" "true" "+server.description" "Servidor Teste - Ajudem sua opniÒo conta aqui!" "+server.headerimage" "http://oxidemod.org/styles/oxide/logo.png" "+server.url" "http://oxidemod.org" 
 
(Filename: C:/buildslave/unity/build/artifacts/generated/common/runtime/UnityEngineDebugBindings.gen.cpp Line: 37)

server.ip: "192.168.0.107"
 
(Filename: C:/buildslave/unity/build/artifacts/generated/common/runtime/UnityEngineDebugBindings.gen.cpp Line: 37)

rcon.ip: "192.168.0.107"
 
(Filename: C:/buildslave/unity/build/artifacts/generated/common/runtime/UnityEngineDebugBindings.gen.cpp Line: 37)

server.port: "28015"
 
(Filename: C:/buildslave/unity/build/artifacts/generated/common/runtime/UnityEngineDebugBindings.gen.cpp Line: 37)

rcon.port: "28016"
 
(Filename: C:/buildslave/unity/build/artifacts/generated/common/runtime/UnityEngineDebugBindings.gen.cpp Line: 37)

rcon.password: "15021"
 
(Filename: C:/buildslave/unity/build/artifacts/generated/common/runtime/UnityEngineDebugBindings.gen.cpp Line: 37)

server.identity: "my_server_identity"
 
(Filename: C:/buildslave/unity/build/artifacts/generated/common/runtime/UnityEngineDebugBindings.gen.cpp Line: 37)

server.level: "Procedural Map"
 
(Filename: C:/buildslave/unity/build/artifacts/generated/common/runtime/UnityEngineDebugBindings.gen.cpp Line: 37)

server.seed: "12345"
 
(Filename: C:/buildslave/unity/build/artifacts/generated/common/runtime/UnityEngineDebugBindings.gen.cpp Line: 37)

server.globalchat: "True"
 
(Filename: C:/buildslave/unity/build/artifacts/generated/common/runtime/UnityEngineDebugBindings.gen.cpp Line: 37)

server.description: "Servidor Teste - Ajudem sua opniÒo conta aqui!"
 
(Filename: C:/buildslave/unity/build/artifacts/generated/common/runtime/UnityEngineDebugBindings.gen.cpp Line: 37)

server.headerimage: "http://oxidemod.org/styles/oxide/logo.png"
 
(Filename: C:/buildslave/unity/build/artifacts/generated/common/runtime/UnityEngineDebugBindings.gen.cpp Line: 37)

server.url: "http://oxidemod.org"
 
(Filename: C:/buildslave/unity/build/artifacts/generated/common/runtime/UnityEngineDebugBindings.gen.cpp Line: 37)

Server Config Loaded
 
(Filename: C:/buildslave/unity/build/artifacts/generated/common/runtime/UnityEngineDebugBindings.gen.cpp Line: 37)

Running server/my_server_identity/cfg/users.cfg
 
(Filename: C:/buildslave/unity/build/artifacts/generated/common/runtime/UnityEngineDebugBindings.gen.cpp Line: 37)

Loading Items Took: 6.806 seconds
 
(Filename: C:/buildslave/unity/build/artifacts/generated/common/runtime/UnityEngineDebugBindings.gen.cpp Line: 37)

Building Items Took: 6.827 seconds / Items: 259 / Blueprints: 183
 
(Filename: C:/buildslave/unity/build/artifacts/generated/common/runtime/UnityEngineDebugBindings.gen.cpp Line: 37)

Unloading 5 Unused Serialized files (Serialized files now loaded: 24)
WARNING: Shader Unsupported: 'Nature/Water/Ocean' - Setting to default shader.
WARNING: Shader Unsupported: 'Nature/Water/River' - Setting to default shader.
UnloadTime: 4.832581 ms
Generating terrain of size 3000 with seed 12345
 
(Filename: C:/buildslave/unity/build/artifacts/generated/common/runtime/UnityEngineDebugBindings.gen.cpp Line: 37)

[AmplifyColor] This image effect is not supported on this platform. Please make sure your Unity license supports Full-Screen Post-Processing Effects which is usually reserved forn Pro licenses.
 
(Filename: C:/buildslave/unity/build/artifacts/generated/common/runtime/UnityEngineDebugBindings.gen.cpp Line: 37)


Unloading 44 unused Assets to reduce memory usage. Loaded Objects now: 7373.
Total: 81.476990 ms (FindLiveObjects: 0.253558 ms CreateObjectMapping: 0.402635 ms MarkObjects: 80.702614 ms  DeleteObjects: 0.116267 ms)

[Oxide] 14:20 [Info] Loading Oxide Core v2.0.1817...
 
(Filename: C:/buildslave/unity/build/artifacts/generated/common/runtime/UnityEngineDebugBindings.gen.cpp Line: 37)

[Oxide] 14:20 [Info] Loading extensions...
 
(Filename: C:/buildslave/unity/build/artifacts/generated/common/runtime/UnityEngineDebugBindings.gen.cpp Line: 37)

[Oxide] 14:20 [Info] Loaded extension CSharp v1.0.1817 by Oxide Team
 
(Filename: C:/buildslave/unity/build/artifacts/generated/common/runtime/UnityEngineDebugBindings.gen.cpp Line: 37)

[Oxide] 14:20 [Info] Loaded extension JavaScript v1.0.1817 by Oxide Team
 
(Filename: C:/buildslave/unity/build/artifacts/generated/common/runtime/UnityEngineDebugBindings.gen.cpp Line: 37)

[Oxide] 14:20 [Info] Loaded extension Lua v1.0.1817 by Oxide Team
 
(Filename: C:/buildslave/unity/build/artifacts/generated/common/runtime/UnityEngineDebugBindings.gen.cpp Line: 37)

[Oxide] 14:20 [Info] Loaded extension MySql v1.0.1817 by Oxide Team
 
(Filename: C:/buildslave/unity/build/artifacts/generated/common/runtime/UnityEngineDebugBindings.gen.cpp Line: 37)

[Oxide] 14:20 [Info] Loaded extension Python v1.0.1817 by Oxide Team
 
(Filename: C:/buildslave/unity/build/artifacts/generated/common/runtime/UnityEngineDebugBindings.gen.cpp Line: 37)

[Oxide] 14:20 [Info] Loaded extension Rust:IO for Oxide v2.8.0 by playrust.io / dcode
 
(Filename: C:/buildslave/unity/build/artifacts/generated/common/runtime/UnityEngineDebugBindings.gen.cpp Line: 37)

[Oxide] 14:20 [Info] Loaded extension SQLite v1.0.1817 by Oxide Team
 
(Filename: C:/buildslave/unity/build/artifacts/generated/common/runtime/UnityEngineDebugBindings.gen.cpp Line: 37)

[Oxide] 14:20 [Info] Loaded extension Unity v1.0.1817 by Oxide Team
 
(Filename: C:/buildslave/unity/build/artifacts/generated/common/runtime/UnityEngineDebugBindings.gen.cpp Line: 37)

[Oxide] 14:20 [Info] Loaded extension Rust v1.0.1817 by Oxide Team
 
(Filename: C:/buildslave/unity/build/artifacts/generated/common/runtime/UnityEngineDebugBindings.gen.cpp Line: 37)

[Oxide] 14:20 [Debug] Cleanup file: E:\rust_final\mono-2.0.dll
 
(Filename: C:/buildslave/unity/build/artifacts/generated/common/runtime/UnityEngineDebugBindings.gen.cpp Line: 37)

[Oxide] 14:20 [Debug] Cleanup file: E:\rust_final\msvcr120.dll
 
(Filename: C:/buildslave/unity/build/artifacts/generated/common/runtime/UnityEngineDebugBindings.gen.cpp Line: 37)

[Oxide] 14:20 [Info] Using Covalence provider for game 'Rust'
 
(Filename: C:/buildslave/unity/build/artifacts/generated/common/runtime/UnityEngineDebugBindings.gen.cpp Line: 37)

[Oxide] 14:20 [Info] Loading plugins...
 
(Filename: C:/buildslave/unity/build/artifacts/generated/common/runtime/UnityEngineDebugBindings.gen.cpp Line: 37)

[Oxide] 14:20 [Info] Loaded plugin Unity Core v1.0.0 by Oxide Team
 
(Filename: C:/buildslave/unity/build/artifacts/generated/common/runtime/UnityEngineDebugBindings.gen.cpp Line: 37)

[Oxide] 14:20 [Info] Loaded plugin Rust Core v1.0.0 by Oxide Team
 
(Filename: C:/buildslave/unity/build/artifacts/generated/common/runtime/UnityEngineDebugBindings.gen.cpp Line: 37)

[Oxide] 14:20 [Info] Loaded plugin Rust:IO for Oxide v2.8.0 by playrust.io / dcode
 
(Filename: C:/buildslave/unity/build/artifacts/generated/common/runtime/UnityEngineDebugBindings.gen.cpp Line: 37)

[Oxide] 14:20 [Info] Loaded plugin Day Vote v1.1.1 by InSaNe8472
 
(Filename: C:/buildslave/unity/build/artifacts/generated/common/runtime/UnityEngineDebugBindings.gen.cpp Line: 37)

[Oxide] 14:20 [Info] Loaded plugin Teleportation System v1.4.23 by Mughisi
 
(Filename: C:/buildslave/unity/build/artifacts/generated/common/runtime/UnityEngineDebugBindings.gen.cpp Line: 37)

[Oxide] 14:20 [Info] Loaded plugin Private Messaging v1.2.5 by #Domestos
 
(Filename: C:/buildslave/unity/build/artifacts/generated/common/runtime/UnityEngineDebugBindings.gen.cpp Line: 37)

[Oxide] 14:20 [Info] Loaded plugin Notifier v2.18.4 by SkinN
 
(Filename: C:/buildslave/unity/build/artifacts/generated/common/runtime/UnityEngineDebugBindings.gen.cpp Line: 37)

[Oxide] 14:20 [Info] ﻿
 
(Filename: C:/buildslave/unity/build/artifacts/generated/common/runtime/UnityEngineDebugBindings.gen.cpp Line: 37)

[Oxide] 14:20 [Info] [Notifier v2.18.4] --------------------------------------------------
 
(Filename: C:/buildslave/unity/build/artifacts/generated/common/runtime/UnityEngineDebugBindings.gen.cpp Line: 37)

[Oxide] 14:20 [Info] [Notifier v2.18.4] * Starting timers:
 
(Filename: C:/buildslave/unity/build/artifacts/generated/common/runtime/UnityEngineDebugBindings.gen.cpp Line: 37)

[Oxide] 14:20 [Info] [Notifier v2.18.4]   - Started Adverts timer, set to 12 minute/s
 
(Filename: C:/buildslave/unity/build/artifacts/generated/common/runtime/UnityEngineDebugBindings.gen.cpp Line: 37)

[Oxide] 14:20 [Info] [Notifier v2.18.4]   - Starting Scheduled Messages timer
 
(Filename: C:/buildslave/unity/build/artifacts/generated/common/runtime/UnityEngineDebugBindings.gen.cpp Line: 37)

[Oxide] 14:20 [Info] [Notifier v2.18.4] * Enabling commands:
 
(Filename: C:/buildslave/unity/build/artifacts/generated/common/runtime/UnityEngineDebugBindings.gen.cpp Line: 37)

[Oxide] 14:20 [Info] [Notifier v2.18.4]   - Map Link (/map)
 
(Filename: C:/buildslave/unity/build/artifacts/generated/common/runtime/UnityEngineDebugBindings.gen.cpp Line: 37)

[Oxide] 14:20 [Info] [Notifier v2.18.4]   - Rules (/rules, /regras, /regles)
 
(Filename: C:/buildslave/unity/build/artifacts/generated/common/runtime/UnityEngineDebugBindings.gen.cpp Line: 37)

[Oxide] 14:20 [Info] [Notifier v2.18.4]   - Players Online (/online)
 
(Filename: C:/buildslave/unity/build/artifacts/generated/common/runtime/UnityEngineDebugBindings.gen.cpp Line: 37)

[Oxide] 14:20 [Info] [Notifier v2.18.4]   - Players List (/players)
 
(Filename: C:/buildslave/unity/build/artifacts/generated/common/runtime/UnityEngineDebugBindings.gen.cpp Line: 37)

[Oxide] 14:20 [Info] [Notifier v2.18.4] --------------------------------------------------
 
(Filename: C:/buildslave/unity/build/artifacts/generated/common/runtime/UnityEngineDebugBindings.gen.cpp Line: 37)

[Oxide] 14:20 [Info] AFK, Clans, CraftingController, DeathNotes, IGather, InfoPanel, Kits, Notifier, QuickSmelt and RemoverTool were compiled successfully in 2371ms
 
(Filename: C:/buildslave/unity/build/artifacts/generated/common/runtime/UnityEngineDebugBindings.gen.cpp Line: 37)

[Oxide] 14:20 [Info] Loaded plugin AFK v1.0.1 by Wulf/lukespragg
 
(Filename: C:/buildslave/unity/build/artifacts/generated/common/runtime/UnityEngineDebugBindings.gen.cpp Line: 37)

[Oxide] 14:20 [Info] Loaded plugin Clans v1.6.0 by playrust.io / dcode
 
(Filename: C:/buildslave/unity/build/artifacts/generated/common/runtime/UnityEngineDebugBindings.gen.cpp Line: 37)

[Oxide] 14:20 [Info] Loaded plugin Crafting Controller v2.4.3 by Mughisi
 
(Filename: C:/buildslave/unity/build/artifacts/generated/common/runtime/UnityEngineDebugBindings.gen.cpp Line: 37)

[Oxide] 14:20 [Info] Loaded plugin Death Notes v5.2.1 by LaserHydra
 
(Filename: C:/buildslave/unity/build/artifacts/generated/common/runtime/UnityEngineDebugBindings.gen.cpp Line: 37)

[Oxide] 14:20 [Info] Loaded plugin IGather v0.0.8 by DylanSMR
 
(Filename: C:/buildslave/unity/build/artifacts/generated/common/runtime/UnityEngineDebugBindings.gen.cpp Line: 37)

[Oxide] 14:20 [Info] Loaded plugin InfoPanel v0.9.3 by Ghosst
 
(Filename: C:/buildslave/unity/build/artifacts/generated/common/runtime/UnityEngineDebugBindings.gen.cpp Line: 37)

[Oxide] 14:20 [Info] Loaded plugin Kits v3.1.7 by Reneb
 
(Filename: C:/buildslave/unity/build/artifacts/generated/common/runtime/UnityEngineDebugBindings.gen.cpp Line: 37)

[Oxide] 14:20 [Info] Loaded plugin Notifier v3.0.0 by SkinN
 
(Filename: C:/buildslave/unity/build/artifacts/generated/common/runtime/UnityEngineDebugBindings.gen.cpp Line: 37)

[Oxide] 14:20 [Warning] Notifier has replaced the 'notifier' chat command previously registered by notifier
 
(Filename: C:/buildslave/unity/build/artifacts/generated/common/runtime/UnityEngineDebugBindings.gen.cpp Line: 37)

[Oxide] 14:20 [Info] [Notifier] Started Advert Messages timer, set to 12 minute/s
 
(Filename: C:/buildslave/unity/build/artifacts/generated/common/runtime/UnityEngineDebugBindings.gen.cpp Line: 37)

[Oxide] 14:20 [Warning] Notifier has replaced the 'online' chat command previously registered by notifier
 
(Filename: C:/buildslave/unity/build/artifacts/generated/common/runtime/UnityEngineDebugBindings.gen.cpp Line: 37)

[Oxide] 14:20 [Warning] Notifier has replaced the 'players' chat command previously registered by notifier
 
(Filename: C:/buildslave/unity/build/artifacts/generated/common/runtime/UnityEngineDebugBindings.gen.cpp Line: 37)

[Oxide] 14:20 [Warning] Notifier has replaced the 'rules' chat command previously registered by notifier
 
(Filename: C:/buildslave/unity/build/artifacts/generated/common/runtime/UnityEngineDebugBindings.gen.cpp Line: 37)

[Oxide] 14:20 [Info] Loaded plugin QuickSmelt v1.1.0 by Wulf/lukespragg
 
(Filename: C:/buildslave/unity/build/artifacts/generated/common/runtime/UnityEngineDebugBindings.gen.cpp Line: 37)

[Oxide] 14:20 [Info] Loaded plugin RemoverTool v3.0.15 by Reneb
 
(Filename: C:/buildslave/unity/build/artifacts/generated/common/runtime/UnityEngineDebugBindings.gen.cpp Line: 37)

[AmplifyOcclusion] GBuffer Normals only available in Camera Deferred Shading mode. Switched to Camera source.
 
(Filename: C:/buildslave/unity/build/artifacts/generated/common/runtime/UnityEngineDebugBindings.gen.cpp Line: 37)

[AmplifyOcclusion] Deferred Method requires a Deferred Shading path. Switching to Post Effect Method.
 
(Filename: C:/buildslave/unity/build/artifacts/generated/common/runtime/UnityEngineDebugBindings.gen.cpp Line: 37)

RCon Started on 28016
 
(Filename: C:/buildslave/unity/build/artifacts/generated/common/runtime/UnityEngineDebugBindings.gen.cpp Line: 37)

[2.1s] HEIGHT MAP
 
(Filename: C:/buildslave/unity/build/artifacts/generated/common/runtime/UnityEngineDebugBindings.gen.cpp Line: 37)

[3.9s] MOUNTAINS
 
(Filename: C:/buildslave/unity/build/artifacts/generated/common/runtime/UnityEngineDebugBindings.gen.cpp Line: 37)

[0.5s] BIOME MAP
 
(Filename: C:/buildslave/unity/build/artifacts/generated/common/runtime/UnityEngineDebugBindings.gen.cpp Line: 37)

[3.8s] TOPOLOGY MAP
 
(Filename: C:/buildslave/unity/build/artifacts/generated/common/runtime/UnityEngineDebugBindings.gen.cpp Line: 37)

[2.3s] SPLAT MAP
 
(Filename: C:/buildslave/unity/build/artifacts/generated/common/runtime/UnityEngineDebugBindings.gen.cpp Line: 37)

[5.2s] LARGE MONUMENTS
 
(Filename: C:/buildslave/unity/build/artifacts/generated/common/runtime/UnityEngineDebugBindings.gen.cpp Line: 37)

[0.8s] PRODUCTION MONUMENTS
 
(Filename: C:/buildslave/unity/build/artifacts/generated/common/runtime/UnityEngineDebugBindings.gen.cpp Line: 37)

[0.8s] SMALL MONUMENTS
 
(Filename: C:/buildslave/unity/build/artifacts/generated/common/runtime/UnityEngineDebugBindings.gen.cpp Line: 37)

[1.0s] RIVER LAYOUT
 
(Filename: C:/buildslave/unity/build/artifacts/generated/common/runtime/UnityEngineDebugBindings.gen.cpp Line: 37)

[1.8s] ROAD LAYOUT
 
(Filename: C:/buildslave/unity/build/artifacts/generated/common/runtime/UnityEngineDebugBindings.gen.cpp Line: 37)

[0.6s] POWERLINE LAYOUT
 
(Filename: C:/buildslave/unity/build/artifacts/generated/common/runtime/UnityEngineDebugBindings.gen.cpp Line: 37)

[0.4s] MICRO CLIFFS
 
(Filename: C:/buildslave/unity/build/artifacts/generated/common/runtime/UnityEngineDebugBindings.gen.cpp Line: 37)

[0.3s] WATER ROCKS
 
(Filename: C:/buildslave/unity/build/artifacts/generated/common/runtime/UnityEngineDebugBindings.gen.cpp Line: 37)

[1.1s] TERRAIN MESH
 
(Filename: C:/buildslave/unity/build/artifacts/generated/common/runtime/UnityEngineDebugBindings.gen.cpp Line: 37)

[1.2s] PROCEDURAL OBJECTS
 
(Filename: C:/buildslave/unity/build/artifacts/generated/common/runtime/UnityEngineDebugBindings.gen.cpp Line: 37)

[3.0s] CLIFF TOPOLOGY
 
(Filename: C:/buildslave/unity/build/artifacts/generated/common/runtime/UnityEngineDebugBindings.gen.cpp Line: 37)

[30.5s] Procedural Generation
 
(Filename: C:/buildslave/unity/build/artifacts/generated/common/runtime/UnityEngineDebugBindings.gen.cpp Line: 37)

Loaded database server/my_server_identity/UserPersistence.db (3 entries)
 
(Filename: C:/buildslave/unity/build/artifacts/generated/common/runtime/UnityEngineDebugBindings.gen.cpp Line: 37)

Destroyed 10 old entities
 
(Filename: C:/buildslave/unity/build/artifacts/generated/common/runtime/UnityEngineDebugBindings.gen.cpp Line: 37)

Spawning 3946 entities
 
(Filename: C:/buildslave/unity/build/artifacts/generated/common/runtime/UnityEngineDebugBindings.gen.cpp Line: 37)

AngryAnt Behave version 2.5 (d859964) - Copyright (C) Emil Johansen - AngryAnt 2015
 
(Filename: C:/buildslave/unity/build/artifacts/generated/common/runtime/UnityEngineDebugBindings.gen.cpp Line: 37)

Loading Complete
 
(Filename: C:/buildslave/unity/build/artifacts/generated/common/runtime/UnityEngineDebugBindings.gen.cpp Line: 37)

Enforcing SpawnPopulation Limits
 
(Filename: C:/buildslave/unity/build/artifacts/generated/common/runtime/UnityEngineDebugBindings.gen.cpp Line: 37)

Map Spawned 3980 entities
 
(Filename: C:/buildslave/unity/build/artifacts/generated/common/runtime/UnityEngineDebugBindings.gen.cpp Line: 37)

Initializing 29 stability entities
 
(Filename: C:/buildslave/unity/build/artifacts/generated/common/runtime/UnityEngineDebugBindings.gen.cpp Line: 37)

Initializing 29 conditional models
 
(Filename: C:/buildslave/unity/build/artifacts/generated/common/runtime/UnityEngineDebugBindings.gen.cpp Line: 37)

Connected to Steam
 
(Filename: C:/buildslave/unity/build/artifacts/generated/common/runtime/UnityEngineDebugBindings.gen.cpp Line: 37)

[Oxide] 14:21 [Info] Updating Rust:IO ...
 
(Filename: C:/buildslave/unity/build/artifacts/generated/common/runtime/UnityEngineDebugBindings.gen.cpp Line: 37)

[Oxide] 14:21 [Info] m-Teleportation: To limit Homes to only be set on foundations owned by the player the plugin `Building Owners` is required!
 
(Filename: C:/buildslave/unity/build/artifacts/generated/common/runtime/UnityEngineDebugBindings.gen.cpp Line: 37)

[Oxide] 14:21 [Info]                  This plugin can be downloaded at http://forum.rustoxide.com/plugins/building-owners.682/
 
(Filename: C:/buildslave/unity/build/artifacts/generated/common/runtime/UnityEngineDebugBindings.gen.cpp Line: 37)

[Oxide] 14:21 [Info]                  The owner check has temporarily been disabled to prevent problems.
 
(Filename: C:/buildslave/unity/build/artifacts/generated/common/runtime/UnityEngineDebugBindings.gen.cpp Line: 37)

[Oxide] 14:21 [Info] m-Teleportation: To allow Homes to be set on foundations owned by friends of the player the plugin `Friends API` is required!
 
(Filename: C:/buildslave/unity/build/artifacts/generated/common/runtime/UnityEngineDebugBindings.gen.cpp Line: 37)

[Oxide] 14:21 [Info]                  This plugin can be downloaded at http://forum.rustoxide.com/plugins/friends-api.686/
 
(Filename: C:/buildslave/unity/build/artifacts/generated/common/runtime/UnityEngineDebugBindings.gen.cpp Line: 37)

[Oxide] 14:21 [Info]                  The friends check has temporarily been disabled to prevent problems.
 
(Filename: C:/buildslave/unity/build/artifacts/generated/common/runtime/UnityEngineDebugBindings.gen.cpp Line: 37)

[Oxide] 2:21 PM [Info] Rust:IO: Update complete
 
(Filename: C:/buildslave/unity/build/artifacts/generated/common/runtime/UnityEngineDebugBindings.gen.cpp Line: 37)

[Oxide] 14:21 [Info] Installing Rust:IO ...
 
(Filename: C:/buildslave/unity/build/artifacts/generated/common/runtime/UnityEngineDebugBindings.gen.cpp Line: 37)

Non platform assembly: data-0000000030646EE0 (this message is harmless)
Fallback handler could not load library E:/rust_final/RustDedicated_Data/Mono/data-0000000030646EE0.dll
[Oxide] 14:21 [Info] Rust:IO> Setting up Rust:IO 2.0.5906.40886 (using max. 4 threads) ...
 
(Filename: C:/buildslave/unity/build/artifacts/generated/common/runtime/UnityEngineDebugBindings.gen.cpp Line: 37)

[Oxide] 14:21 [Info] Rust:IO> Creating directories ...
 
(Filename: C:/buildslave/unity/build/artifacts/generated/common/runtime/UnityEngineDebugBindings.gen.cpp Line: 37)

[Oxide] 14:21 [Info] Rust:IO> Applying config ...
 
(Filename: C:/buildslave/unity/build/artifacts/generated/common/runtime/UnityEngineDebugBindings.gen.cpp Line: 37)

[Oxide] 14:21 [Info] Rust:IO> Initializing database ...
 
(Filename: C:/buildslave/unity/build/artifacts/generated/common/runtime/UnityEngineDebugBindings.gen.cpp Line: 37)

[Oxide] 14:21 [Info] Rust:IO> Generating map image (this may take a while) ...
 
(Filename: C:/buildslave/unity/build/artifacts/generated/common/runtime/UnityEngineDebugBindings.gen.cpp Line: 37)

[Oxide] 14:21 [Info] Rust:IO> Generated map image: took 8277.4694 ms, 670175 bytes
 
(Filename: C:/buildslave/unity/build/artifacts/generated/common/runtime/UnityEngineDebugBindings.gen.cpp Line: 37)

[Oxide] 14:21 [Info] Rust:IO> Starting HTTP server on 192.168.0.107:28015 ...
 
(Filename: C:/buildslave/unity/build/artifacts/generated/common/runtime/UnityEngineDebugBindings.gen.cpp Line: 37)

[Oxide] 14:21 [Info] Rust:IO> Installed.
 
(Filename: C:/buildslave/unity/build/artifacts/generated/common/runtime/UnityEngineDebugBindings.gen.cpp Line: 37)

[Oxide] 14:21 [Warning] CallHook 'OnTick' on plugin 'RustIO v2.8.0' took: 8432ms
 
(Filename: C:/buildslave/unity/build/artifacts/generated/common/runtime/UnityEngineDebugBindings.gen.cpp Line: 37)

[Oxide] 14:21 [Warning] CallHook 'OnTick' on plugin 'RustIO v2.8.0' took average: 566ms
 
(Filename: C:/buildslave/unity/build/artifacts/generated/common/runtime/UnityEngineDebugBindings.gen.cpp Line: 37)

[Oxide] 14:21 [Info] Rust:IO> External IP address obtained from lookup: 132.255.196.56
 
(Filename: C:/buildslave/unity/build/artifacts/generated/common/runtime/UnityEngineDebugBindings.gen.cpp Line: 37)

Saved 3,946 ents, serialization(0.00), write(0.00), disk(0.00) totalstall(0.00).
 
(Filename: C:/buildslave/unity/build/artifacts/generated/common/runtime/UnityEngineDebugBindings.gen.cpp Line: 37)

Saving complete
 
(Filename: C:/buildslave/unity/build/artifacts/generated/common/runtime/UnityEngineDebugBindings.gen.cpp Line: 37)

Saved 3,946 ents, serialization(0.00), write(0.00), disk(0.00) totalstall(0.00).
 
(Filename: C:/buildslave/unity/build/artifacts/generated/common/runtime/UnityEngineDebugBindings.gen.cpp Line: 37)

Saving complete
 
(Filename: C:/buildslave/unity/build/artifacts/generated/common/runtime/UnityEngineDebugBindings.gen.cpp Line: 37)

Saved 3,946 ents, serialization(0.00), write(0.00), disk(0.00) totalstall(0.00).
 
(Filename: C:/buildslave/unity/build/artifacts/generated/common/runtime/UnityEngineDebugBindings.gen.cpp Line: 37)

Saving complete
 
(Filename: C:/buildslave/unity/build/artifacts/generated/common/runtime/UnityEngineDebugBindings.gen.cpp Line: 37)

Saved 3,946 ents, serialization(0.00), write(0.00), disk(0.00) totalstall(0.00).
 
(Filename: C:/buildslave/unity/build/artifacts/generated/common/runtime/UnityEngineDebugBindings.gen.cpp Line: 37)

Saving complete
 
(Filename: C:/buildslave/unity/build/artifacts/generated/common/runtime/UnityEngineDebugBindings.gen.cpp Line: 37)

Saved 3,941 ents, serialization(0.00), write(0.00), disk(0.00) totalstall(0.00).
 
(Filename: C:/buildslave/unity/build/artifacts/generated/common/runtime/UnityEngineDebugBindings.gen.cpp Line: 37)

Saving complete
 
(Filename: C:/buildslave/unity/build/artifacts/generated/common/runtime/UnityEngineDebugBindings.gen.cpp Line: 37)

Saved 3,941 ents, serialization(0.00), write(0.00), disk(0.00) totalstall(0.00).
 
(Filename: C:/buildslave/unity/build/artifacts/generated/common/runtime/UnityEngineDebugBindings.gen.cpp Line: 37)

Saving complete
 
(Filename: C:/buildslave/unity/build/artifacts/generated/common/runtime/UnityEngineDebugBindings.gen.cpp Line: 37)

Saved 3,941 ents, serialization(0.00), write(0.00), disk(0.00) totalstall(0.00).
 
(Filename: C:/buildslave/unity/build/artifacts/generated/common/runtime/UnityEngineDebugBindings.gen.cpp Line: 37)

Saving complete
 
(Filename: C:/buildslave/unity/build/artifacts/generated/common/runtime/UnityEngineDebugBindings.gen.cpp Line: 37)

Saved 3,941 ents, serialization(0.00), write(0.00), disk(0.00) totalstall(0.00).
 
(Filename: C:/buildslave/unity/build/artifacts/generated/common/runtime/UnityEngineDebugBindings.gen.cpp Line: 37)

Saving complete
 
(Filename: C:/buildslave/unity/build/artifacts/generated/common/runtime/UnityEngineDebugBindings.gen.cpp Line: 37)

Saved 3,941 ents, serialization(0.00), write(0.00), disk(0.00) totalstall(0.00).
 
(Filename: C:/buildslave/unity/build/artifacts/generated/common/runtime/UnityEngineDebugBindings.gen.cpp Line: 37)

Saving complete
 
(Filename: C:/buildslave/unity/build/artifacts/generated/common/runtime/UnityEngineDebugBindings.gen.cpp Line: 37)

Saved 3,941 ents, serialization(0.00), write(0.00), disk(0.00) totalstall(0.00).
 
(Filename: C:/buildslave/unity/build/artifacts/generated/common/runtime/UnityEngineDebugBindings.gen.cpp Line: 37)

Saving complete
 
(Filename: C:/buildslave/unity/build/artifacts/generated/common/runtime/UnityEngineDebugBindings.gen.cpp Line: 37)

[Oxide] 14:32 [Info] [Notifier v2.18.4] Horario do Rust(Game) 05/26/2024 15:46:13
 
(Filename: C:/buildslave/unity/build/artifacts/generated/common/runtime/UnityEngineDebugBindings.gen.cpp Line: 37)

[Oxide] 14:32 [Info] [Notifier] Check Notifier's with /notifier help command.
 
(Filename: C:/buildslave/unity/build/artifacts/generated/common/runtime/UnityEngineDebugBindings.gen.cpp Line: 37)

Saved 3,941 ents, serialization(0.00), write(0.00), disk(0.00) totalstall(0.00).
 
(Filename: C:/buildslave/unity/build/artifacts/generated/common/runtime/UnityEngineDebugBindings.gen.cpp Line: 37)

Saving complete
 
(Filename: C:/buildslave/unity/build/artifacts/generated/common/runtime/UnityEngineDebugBindings.gen.cpp Line: 37)

Saved 3,941 ents, serialization(0.00), write(0.00), disk(0.00) totalstall(0.00).
 
(Filename: C:/buildslave/unity/build/artifacts/generated/common/runtime/UnityEngineDebugBindings.gen.cpp Line: 37)

Saving complete
 
(Filename: C:/buildslave/unity/build/artifacts/generated/common/runtime/UnityEngineDebugBindings.gen.cpp Line: 37)

Saved 3,941 ents, serialization(0.00), write(0.00), disk(0.00) totalstall(0.00).
 
(Filename: C:/buildslave/unity/build/artifacts/generated/common/runtime/UnityEngineDebugBindings.gen.cpp Line: 37)

Saving complete
 
(Filename: C:/buildslave/unity/build/artifacts/generated/common/runtime/UnityEngineDebugBindings.gen.cpp Line: 37)

Saved 3,941 ents, serialization(0.00), write(0.00), disk(0.00) totalstall(0.00).
 
(Filename: C:/buildslave/unity/build/artifacts/generated/common/runtime/UnityEngineDebugBindings.gen.cpp Line: 37)

Saving complete
 
(Filename: C:/buildslave/unity/build/artifacts/generated/common/runtime/UnityEngineDebugBindings.gen.cpp Line: 37)

Saved 3,941 ents, serialization(0.00), write(0.00), disk(0.00) totalstall(0.00).
 
(Filename: C:/buildslave/unity/build/artifacts/generated/common/runtime/UnityEngineDebugBindings.gen.cpp Line: 37)

Saving complete
 
(Filename: C:/buildslave/unity/build/artifacts/generated/common/runtime/UnityEngineDebugBindings.gen.cpp Line: 37)

Saved 3,942 ents, serialization(0.00), write(0.00), disk(0.00) totalstall(0.00).
 
(Filename: C:/buildslave/unity/build/artifacts/generated/common/runtime/UnityEngineDebugBindings.gen.cpp Line: 37)

Saving complete
 
(Filename: C:/buildslave/unity/build/artifacts/generated/common/runtime/UnityEngineDebugBindings.gen.cpp Line: 37)

Saved 3,942 ents, serialization(0.00), write(0.00), disk(0.00) totalstall(0.00).
 
(Filename: C:/buildslave/unity/build/artifacts/generated/common/runtime/UnityEngineDebugBindings.gen.cpp Line: 37)

Saving complete
 
(Filename: C:/buildslave/unity/build/artifacts/generated/common/runtime/UnityEngineDebugBindings.gen.cpp Line: 37)

Saved 3,942 ents, serialization(0.00), write(0.00), disk(0.00) totalstall(0.00).
 
(Filename: C:/buildslave/unity/build/artifacts/generated/common/runtime/UnityEngineDebugBindings.gen.cpp Line: 37)

Saving complete
 
(Filename: C:/buildslave/unity/build/artifacts/generated/common/runtime/UnityEngineDebugBindings.gen.cpp Line: 37)

Saved 3,942 ents, serialization(0.00), write(0.00), disk(0.00) totalstall(0.00).
 
(Filename: C:/buildslave/unity/build/artifacts/generated/common/runtime/UnityEngineDebugBindings.gen.cpp Line: 37)

Saving complete
 
(Filename: C:/buildslave/unity/build/artifacts/generated/common/runtime/UnityEngineDebugBindings.gen.cpp Line: 37)

Saved 3,944 ents, serialization(0.00), write(0.00), disk(0.00) totalstall(0.00).
 
(Filename: C:/buildslave/unity/build/artifacts/generated/common/runtime/UnityEngineDebugBindings.gen.cpp Line: 37)

Saving complete
 
(Filename: C:/buildslave/unity/build/artifacts/generated/common/runtime/UnityEngineDebugBindings.gen.cpp Line: 37)

Saved 3,944 ents, serialization(0.00), write(0.00), disk(0.00) totalstall(0.00).
 
(Filename: C:/buildslave/unity/build/artifacts/generated/common/runtime/UnityEngineDebugBindings.gen.cpp Line: 37)

Saving complete
 
(Filename: C:/buildslave/unity/build/artifacts/generated/common/runtime/UnityEngineDebugBindings.gen.cpp Line: 37)

Saved 3,944 ents, serialization(0.00), write(0.00), disk(0.00) totalstall(0.00).
 
(Filename: C:/buildslave/unity/build/artifacts/generated/common/runtime/UnityEngineDebugBindings.gen.cpp Line: 37)

Saving complete
 
(Filename: C:/buildslave/unity/build/artifacts/generated/common/runtime/UnityEngineDebugBindings.gen.cpp Line: 37)

[Oxide] 14:44 [Info] [Notifier v2.18.4] Jogando: [BR] DEFENDERS TESTE SERVER! X5!
 
(Filename: C:/buildslave/unity/build/artifacts/generated/common/runtime/UnityEngineDebugBindings.gen.cpp Line: 37)

Saved 3,944 ents, serialization(0.00), write(0.00), disk(0.00) totalstall(0.00).
 
(Filename: C:/buildslave/unity/build/artifacts/generated/common/runtime/UnityEngineDebugBindings.gen.cpp Line: 37)

Saving complete
 
(Filename: C:/buildslave/unity/build/artifacts/generated/common/runtime/UnityEngineDebugBindings.gen.cpp Line: 37)

[Oxide] 14:44 [Info] [Notifier] There are 0/100 players playing in the server, and 1 sleepers.
 
(Filename: C:/buildslave/unity/build/artifacts/generated/common/runtime/UnityEngineDebugBindings.gen.cpp Line: 37)

Saved 3,943 ents, serialization(0.00), write(0.00), disk(0.00) totalstall(0.00).
 
(Filename: C:/buildslave/unity/build/artifacts/generated/common/runtime/UnityEngineDebugBindings.gen.cpp Line: 37)

Saving complete
 
(Filename: C:/buildslave/unity/build/artifacts/generated/common/runtime/UnityEngineDebugBindings.gen.cpp Line: 37)

Saved 3,942 ents, serialization(0.00), write(0.00), disk(0.00) totalstall(0.00).
 
(Filename: C:/buildslave/unity/build/artifacts/generated/common/runtime/UnityEngineDebugBindings.gen.cpp Line: 37)

Saving complete
 
(Filename: C:/buildslave/unity/build/artifacts/generated/common/runtime/UnityEngineDebugBindings.gen.cpp Line: 37)

Saved 3,941 ents, serialization(0.00), write(0.00), disk(0.00) totalstall(0.00).
 
(Filename: C:/buildslave/unity/build/artifacts/generated/common/runtime/UnityEngineDebugBindings.gen.cpp Line: 37)

Saving complete
 
(Filename: C:/buildslave/unity/build/artifacts/generated/common/runtime/UnityEngineDebugBindings.gen.cpp Line: 37)

Saved 3,941 ents, serialization(0.00), write(0.00), disk(0.00) totalstall(0.00).
 
(Filename: C:/buildslave/unity/build/artifacts/generated/common/runtime/UnityEngineDebugBindings.gen.cpp Line: 37)

Saving complete
 
(Filename: C:/buildslave/unity/build/artifacts/generated/common/runtime/UnityEngineDebugBindings.gen.cpp Line: 37)

Saved 3,941 ents, serialization(0.00), write(0.00), disk(0.00) totalstall(0.00).
 
(Filename: C:/buildslave/unity/build/artifacts/generated/common/runtime/UnityEngineDebugBindings.gen.cpp Line: 37)

Saving complete
 
(Filename: C:/buildslave/unity/build/artifacts/generated/common/runtime/UnityEngineDebugBindings.gen.cpp Line: 37)

Saved 3,943 ents, serialization(0.00), write(0.00), disk(0.00) totalstall(0.00).
 
(Filename: C:/buildslave/unity/build/artifacts/generated/common/runtime/UnityEngineDebugBindings.gen.cpp Line: 37)

Saving complete
 
(Filename: C:/buildslave/unity/build/artifacts/generated/common/runtime/UnityEngineDebugBindings.gen.cpp Line: 37)

Saved 3,940 ents, serialization(0.00), write(0.00), disk(0.00) totalstall(0.00).
 
(Filename: C:/buildslave/unity/build/artifacts/generated/common/runtime/UnityEngineDebugBindings.gen.cpp Line: 37)

Saving complete
 
(Filename: C:/buildslave/unity/build/artifacts/generated/common/runtime/UnityEngineDebugBindings.gen.cpp Line: 37)

Saved 3,940 ents, serialization(0.00), write(0.00), disk(0.00) totalstall(0.00).
 
(Filename: C:/buildslave/unity/build/artifacts/generated/common/runtime/UnityEngineDebugBindings.gen.cpp Line: 37)

Saving complete
 
(Filename: C:/buildslave/unity/build/artifacts/generated/common/runtime/UnityEngineDebugBindings.gen.cpp Line: 37)

[event] assets/prefabs/npc/cargo plane/cargo_plane.prefab
 
(Filename: C:/buildslave/unity/build/artifacts/generated/common/runtime/UnityEngineDebugBindings.gen.cpp Line: 37)

[Oxide] 14:56 [Info] [Notifier v2.18.4] Jogadores ON: 0 / 100 Folgados: 1
 
(Filename: C:/buildslave/unity/build/artifacts/generated/common/runtime/UnityEngineDebugBindings.gen.cpp Line: 37)

[Oxide] 14:56 [Info] [Notifier] Need help? Try calling for the Admins in the chat.
 
(Filename: C:/buildslave/unity/build/artifacts/generated/common/runtime/UnityEngineDebugBindings.gen.cpp Line: 37)

Saved 3,961 ents, serialization(0.00), write(0.00), disk(0.00) totalstall(0.00).
 
(Filename: C:/buildslave/unity/build/artifacts/generated/common/runtime/UnityEngineDebugBindings.gen.cpp Line: 37)

Saving complete
 
(Filename: C:/buildslave/unity/build/artifacts/generated/common/runtime/UnityEngineDebugBindings.gen.cpp Line: 37)

Saved 3,967 ents, serialization(0.00), write(0.00), disk(0.00) totalstall(0.00).
 
(Filename: C:/buildslave/unity/build/artifacts/generated/common/runtime/UnityEngineDebugBindings.gen.cpp Line: 37)

Saving complete
 
(Filename: C:/buildslave/unity/build/artifacts/generated/common/runtime/UnityEngineDebugBindings.gen.cpp Line: 37)

Saved 3,966 ents, serialization(0.00), write(0.00), disk(0.00) totalstall(0.00).
 
(Filename: C:/buildslave/unity/build/artifacts/generated/common/runtime/UnityEngineDebugBindings.gen.cpp Line: 37)

Saving complete
 
(Filename: C:/buildslave/unity/build/artifacts/generated/common/runtime/UnityEngineDebugBindings.gen.cpp Line: 37)

Saved 3,968 ents, serialization(0.00), write(0.00), disk(0.00) totalstall(0.00).
 
(Filename: C:/buildslave/unity/build/artifacts/generated/common/runtime/UnityEngineDebugBindings.gen.cpp Line: 37)

Saving complete
 
(Filename: C:/buildslave/unity/build/artifacts/generated/common/runtime/UnityEngineDebugBindings.gen.cpp Line: 37)

Saved 3,968 ents, serialization(0.00), write(0.00), disk(0.00) totalstall(0.00).
 
(Filename: C:/buildslave/unity/build/artifacts/generated/common/runtime/UnityEngineDebugBindings.gen.cpp Line: 37)

Saving complete
 
(Filename: C:/buildslave/unity/build/artifacts/generated/common/runtime/UnityEngineDebugBindings.gen.cpp Line: 37)

Saved 3,967 ents, serialization(0.00), write(0.00), disk(0.00) totalstall(0.00).
 
(Filename: C:/buildslave/unity/build/artifacts/generated/common/runtime/UnityEngineDebugBindings.gen.cpp Line: 37)

Saving complete
 
(Filename: C:/buildslave/unity/build/artifacts/generated/common/runtime/UnityEngineDebugBindings.gen.cpp Line: 37)

Saved 3,967 ents, serialization(0.00), write(0.00), disk(0.00) totalstall(0.00).
 
(Filename: C:/buildslave/unity/build/artifacts/generated/common/runtime/UnityEngineDebugBindings.gen.cpp Line: 37)

Saving complete
 
(Filename: C:/buildslave/unity/build/artifacts/generated/common/runtime/UnityEngineDebugBindings.gen.cpp Line: 37)

Saved 3,965 ents, serialization(0.00), write(0.00), disk(0.00) totalstall(0.00).
 
(Filename: C:/buildslave/unity/build/artifacts/generated/common/runtime/UnityEngineDebugBindings.gen.cpp Line: 37)

Saving complete
 
(Filename: C:/buildslave/unity/build/artifacts/generated/common/runtime/UnityEngineDebugBindings.gen.cpp Line: 37)

Saved 3,965 ents, serialization(0.00), write(0.00), disk(0.00) totalstall(0.00).
 
(Filename: C:/buildslave/unity/build/artifacts/generated/common/runtime/UnityEngineDebugBindings.gen.cpp Line: 37)

Saving complete
 
(Filename: C:/buildslave/unity/build/artifacts/generated/common/runtime/UnityEngineDebugBindings.gen.cpp Line: 37)

Saved 3,968 ents, serialization(0.00), write(0.00), disk(0.00) totalstall(0.00).
 
(Filename: C:/buildslave/unity/build/artifacts/generated/common/runtime/UnityEngineDebugBindings.gen.cpp Line: 37)

Saving complete
 
(Filename: C:/buildslave/unity/build/artifacts/generated/common/runtime/UnityEngineDebugBindings.gen.cpp Line: 37)

Saved 3,967 ents, serialization(0.00), write(0.00), disk(0.00) totalstall(0.00).
 
(Filename: C:/buildslave/unity/build/artifacts/generated/common/runtime/UnityEngineDebugBindings.gen.cpp Line: 37)

Saving complete
 
(Filename: C:/buildslave/unity/build/artifacts/generated/common/runtime/UnityEngineDebugBindings.gen.cpp Line: 37)

Saved 3,968 ents, serialization(0.00), write(0.00), disk(0.00) totalstall(0.00).
 
(Filename: C:/buildslave/unity/build/artifacts/generated/common/runtime/UnityEngineDebugBindings.gen.cpp Line: 37)

Saving complete
 
(Filename: C:/buildslave/unity/build/artifacts/generated/common/runtime/UnityEngineDebugBindings.gen.cpp Line: 37)

[Oxide] 15:08 [Info] [Notifier v2.18.4] Type /map for the server map link.
 
(Filename: C:/buildslave/unity/build/artifacts/generated/common/runtime/UnityEngineDebugBindings.gen.cpp Line: 37)

[Oxide] 15:08 [Info] [Notifier] You are playing on: [BR] DEFENDERS TESTE SERVER! X5!
 
(Filename: C:/buildslave/unity/build/artifacts/generated/common/runtime/UnityEngineDebugBindings.gen.cpp Line: 37)

Saved 3,970 ents, serialization(0.00), write(0.00), disk(0.00) totalstall(0.00).
 
(Filename: C:/buildslave/unity/build/artifacts/generated/common/runtime/UnityEngineDebugBindings.gen.cpp Line: 37)

Saving complete
 
(Filename: C:/buildslave/unity/build/artifacts/generated/common/runtime/UnityEngineDebugBindings.gen.cpp Line: 37)

Saved 3,969 ents, serialization(0.00), write(0.00), disk(0.00) totalstall(0.00).
 
(Filename: C:/buildslave/unity/build/artifacts/generated/common/runtime/UnityEngineDebugBindings.gen.cpp Line: 37)

Saving complete
 
(Filename: C:/buildslave/unity/build/artifacts/generated/common/runtime/UnityEngineDebugBindings.gen.cpp Line: 37)

Saved 3,967 ents, serialization(0.00), write(0.00), disk(0.00) totalstall(0.00).
 
(Filename: C:/buildslave/unity/build/artifacts/generated/common/runtime/UnityEngineDebugBindings.gen.cpp Line: 37)

Saving complete
 
(Filename: C:/buildslave/unity/build/artifacts/generated/common/runtime/UnityEngineDebugBindings.gen.cpp Line: 37)

Saved 3,967 ents, serialization(0.00), write(0.00), disk(0.00) totalstall(0.00).
 
(Filename: C:/buildslave/unity/build/artifacts/generated/common/runtime/UnityEngineDebugBindings.gen.cpp Line: 37)

Saving complete
 
(Filename: C:/buildslave/unity/build/artifacts/generated/common/runtime/UnityEngineDebugBindings.gen.cpp Line: 37)

Saved 3,968 ents, serialization(0.00), write(0.00), disk(0.00) totalstall(0.00).
 
(Filename: C:/buildslave/unity/build/artifacts/generated/common/runtime/UnityEngineDebugBindings.gen.cpp Line: 37)

Saving complete
 
(Filename: C:/buildslave/unity/build/artifacts/generated/common/runtime/UnityEngineDebugBindings.gen.cpp Line: 37)

Saved 3,968 ents, serialization(0.00), write(0.00), disk(0.00) totalstall(0.00).
 
(Filename: C:/buildslave/unity/build/artifacts/generated/common/runtime/UnityEngineDebugBindings.gen.cpp Line: 37)

Saving complete
 
(Filename: C:/buildslave/unity/build/artifacts/generated/common/runtime/UnityEngineDebugBindings.gen.cpp Line: 37)

Saved 3,967 ents, serialization(0.00), write(0.00), disk(0.00) totalstall(0.00).
 
(Filename: C:/buildslave/unity/build/artifacts/generated/common/runtime/UnityEngineDebugBindings.gen.cpp Line: 37)

Saving complete
 
(Filename: C:/buildslave/unity/build/artifacts/generated/common/runtime/UnityEngineDebugBindings.gen.cpp Line: 37)

Saved 3,967 ents, serialization(0.00), write(0.00), disk(0.00) totalstall(0.00).
 
(Filename: C:/buildslave/unity/build/artifacts/generated/common/runtime/UnityEngineDebugBindings.gen.cpp Line: 37)

Saving complete
 
(Filename: C:/buildslave/unity/build/artifacts/generated/common/runtime/UnityEngineDebugBindings.gen.cpp Line: 37)

Saved 3,967 ents, serialization(0.00), write(0.00), disk(0.00) totalstall(0.00).
 
(Filename: C:/buildslave/unity/build/artifacts/generated/common/runtime/UnityEngineDebugBindings.gen.cpp Line: 37)

Saving complete
 
(Filename: C:/buildslave/unity/build/artifacts/generated/common/runtime/UnityEngineDebugBindings.gen.cpp Line: 37)

Saved 3,967 ents, serialization(0.00), write(0.00), disk(0.00) totalstall(0.00).
 
(Filename: C:/buildslave/unity/build/artifacts/generated/common/runtime/UnityEngineDebugBindings.gen.cpp Line: 37)

Saving complete
 
(Filename: C:/buildslave/unity/build/artifacts/generated/common/runtime/UnityEngineDebugBindings.gen.cpp Line: 37)

Saved 3,968 ents, serialization(0.00), write(0.00), disk(0.00) totalstall(0.00).
 
(Filename: C:/buildslave/unity/build/artifacts/generated/common/runtime/UnityEngineDebugBindings.gen.cpp Line: 37)

Saving complete
 
(Filename: C:/buildslave/unity/build/artifacts/generated/common/runtime/UnityEngineDebugBindings.gen.cpp Line: 37)

Saved 3,967 ents, serialization(0.00), write(0.00), disk(0.00) totalstall(0.00).
 
(Filename: C:/buildslave/unity/build/artifacts/generated/common/runtime/UnityEngineDebugBindings.gen.cpp Line: 37)

Saving complete
 
(Filename: C:/buildslave/unity/build/artifacts/generated/common/runtime/UnityEngineDebugBindings.gen.cpp Line: 37)

[Oxide] 15:20 [Info] [Notifier v2.18.4] Este servidor usa os mods Oxide 2.
 
(Filename: C:/buildslave/unity/build/artifacts/generated/common/runtime/UnityEngineDebugBindings.gen.cpp Line: 37)

[Oxide] 15:20 [Info] [Notifier] Please avoid any insults and be respectful!
 
(Filename: C:/buildslave/unity/build/artifacts/generated/common/runtime/UnityEngineDebugBindings.gen.cpp Line: 37)

Saved 3,967 ents, serialization(0.00), write(0.00), disk(0.00) totalstall(0.00).
 
(Filename: C:/buildslave/unity/build/artifacts/generated/common/runtime/UnityEngineDebugBindings.gen.cpp Line: 37)

Saving complete
 
(Filename: C:/buildslave/unity/build/artifacts/generated/common/runtime/UnityEngineDebugBindings.gen.cpp Line: 37)

Saved 3,967 ents, serialization(0.00), write(0.00), disk(0.00) totalstall(0.00).
 
(Filename: C:/buildslave/unity/build/artifacts/generated/common/runtime/UnityEngineDebugBindings.gen.cpp Line: 37)

Saving complete
 
(Filename: C:/buildslave/unity/build/artifacts/generated/common/runtime/UnityEngineDebugBindings.gen.cpp Line: 37)

Saved 3,968 ents, serialization(0.00), write(0.00), disk(0.00) totalstall(0.00).
 
(Filename: C:/buildslave/unity/build/artifacts/generated/common/runtime/UnityEngineDebugBindings.gen.cpp Line: 37)

Saving complete
 
(Filename: C:/buildslave/unity/build/artifacts/generated/common/runtime/UnityEngineDebugBindings.gen.cpp Line: 37)

Saved 3,970 ents, serialization(0.00), write(0.00), disk(0.00) totalstall(0.00).
 
(Filename: C:/buildslave/unity/build/artifacts/generated/common/runtime/UnityEngineDebugBindings.gen.cpp Line: 37)

Saving complete
 
(Filename: C:/buildslave/unity/build/artifacts/generated/common/runtime/UnityEngineDebugBindings.gen.cpp Line: 37)

Saved 3,967 ents, serialization(0.00), write(0.00), disk(0.00) totalstall(0.00).
 
(Filename: C:/buildslave/unity/build/artifacts/generated/common/runtime/UnityEngineDebugBindings.gen.cpp Line: 37)

Saving complete
 
(Filename: C:/buildslave/unity/build/artifacts/generated/common/runtime/UnityEngineDebugBindings.gen.cpp Line: 37)

Saved 3,967 ents, serialization(0.00), write(0.00), disk(0.00) totalstall(0.00).
 
(Filename: C:/buildslave/unity/build/artifacts/generated/common/runtime/UnityEngineDebugBindings.gen.cpp Line: 37)

Saving complete
 
(Filename: C:/buildslave/unity/build/artifacts/generated/common/runtime/UnityEngineDebugBindings.gen.cpp Line: 37)

Saved 3,969 ents, serialization(0.00), write(0.00), disk(0.00) totalstall(0.00).
 
(Filename: C:/buildslave/unity/build/artifacts/generated/common/runtime/UnityEngineDebugBindings.gen.cpp Line: 37)

Saving complete
 
(Filename: C:/buildslave/unity/build/artifacts/generated/common/runtime/UnityEngineDebugBindings.gen.cpp Line: 37)

Saved 3,970 ents, serialization(0.00), write(0.00), disk(0.00) totalstall(0.00).
 
(Filename: C:/buildslave/unity/build/artifacts/generated/common/runtime/UnityEngineDebugBindings.gen.cpp Line: 37)

Saving complete
 
(Filename: C:/buildslave/unity/build/artifacts/generated/common/runtime/UnityEngineDebugBindings.gen.cpp Line: 37)

Saved 3,971 ents, serialization(0.00), write(0.00), disk(0.00) totalstall(0.00).
 
(Filename: C:/buildslave/unity/build/artifacts/generated/common/runtime/UnityEngineDebugBindings.gen.cpp Line: 37)

Saving complete
 
(Filename: C:/buildslave/unity/build/artifacts/generated/common/runtime/UnityEngineDebugBindings.gen.cpp Line: 37)

Saved 3,972 ents, serialization(0.00), write(0.00), disk(0.00) totalstall(0.00).
 
(Filename: C:/buildslave/unity/build/artifacts/generated/common/runtime/UnityEngineDebugBindings.gen.cpp Line: 37)

Saving complete
 
(Filename: C:/buildslave/unity/build/artifacts/generated/common/runtime/UnityEngineDebugBindings.gen.cpp Line: 37)

Saved 3,974 ents, serialization(0.00), write(0.00), disk(0.00) totalstall(0.00).
 
(Filename: C:/buildslave/unity/build/artifacts/generated/common/runtime/UnityEngineDebugBindings.gen.cpp Line: 37)

Saving complete
 
(Filename: C:/buildslave/unity/build/artifacts/generated/common/runtime/UnityEngineDebugBindings.gen.cpp Line: 37)

Saved 3,974 ents, serialization(0.00), write(0.00), disk(0.00) totalstall(0.01).
 
(Filename: C:/buildslave/unity/build/artifacts/generated/common/runtime/UnityEngineDebugBindings.gen.cpp Line: 37)

Saving complete
 
(Filename: C:/buildslave/unity/build/artifacts/generated/common/runtime/UnityEngineDebugBindings.gen.cpp Line: 37)

[Oxide] 15:32 [Info] [Notifier v2.18.4] Type /map for the server map link.
 
(Filename: C:/buildslave/unity/build/artifacts/generated/common/runtime/UnityEngineDebugBindings.gen.cpp Line: 37)

[Oxide] 15:32 [Info] [Notifier] Check Notifier's with /notifier help command.
 
(Filename: C:/buildslave/unity/build/artifacts/generated/common/runtime/UnityEngineDebugBindings.gen.cpp Line: 37)

Saved 3,973 ents, serialization(0.00), write(0.00), disk(0.00) totalstall(0.00).
 
(Filename: C:/buildslave/unity/build/artifacts/generated/common/runtime/UnityEngineDebugBindings.gen.cpp Line: 37)

Saving complete
 
(Filename: C:/buildslave/unity/build/artifacts/generated/common/runtime/UnityEngineDebugBindings.gen.cpp Line: 37)

Saved 3,973 ents, serialization(0.00), write(0.00), disk(0.00) totalstall(0.00).
 
(Filename: C:/buildslave/unity/build/artifacts/generated/common/runtime/UnityEngineDebugBindings.gen.cpp Line: 37)

Saving complete
 
(Filename: C:/buildslave/unity/build/artifacts/generated/common/runtime/UnityEngineDebugBindings.gen.cpp Line: 37)

Saved 3,972 ents, serialization(0.00), write(0.00), disk(0.00) totalstall(0.00).
 
(Filename: C:/buildslave/unity/build/artifacts/generated/common/runtime/UnityEngineDebugBindings.gen.cpp Line: 37)

Saving complete
 
(Filename: C:/buildslave/unity/build/artifacts/generated/common/runtime/UnityEngineDebugBindings.gen.cpp Line: 37)

Saved 3,974 ents, serialization(0.00), write(0.00), disk(0.00) totalstall(0.00).
 
(Filename: C:/buildslave/unity/build/artifacts/generated/common/runtime/UnityEngineDebugBindings.gen.cpp Line: 37)

Saving complete
 
(Filename: C:/buildslave/unity/build/artifacts/generated/common/runtime/UnityEngineDebugBindings.gen.cpp Line: 37)

Saved 3,972 ents, serialization(0.00), write(0.00), disk(0.00) totalstall(0.00).
 
(Filename: C:/buildslave/unity/build/artifacts/generated/common/runtime/UnityEngineDebugBindings.gen.cpp Line: 37)

Saving complete
 
(Filename: C:/buildslave/unity/build/artifacts/generated/common/runtime/UnityEngineDebugBindings.gen.cpp Line: 37)

Saved 3,971 ents, serialization(0.00), write(0.00), disk(0.00) totalstall(0.00).
 
(Filename: C:/buildslave/unity/build/artifacts/generated/common/runtime/UnityEngineDebugBindings.gen.cpp Line: 37)

Saving complete
 
(Filename: C:/buildslave/unity/build/artifacts/generated/common/runtime/UnityEngineDebugBindings.gen.cpp Line: 37)

Saved 3,970 ents, serialization(0.00), write(0.00), disk(0.00) totalstall(0.00).
 
(Filename: C:/buildslave/unity/build/artifacts/generated/common/runtime/UnityEngineDebugBindings.gen.cpp Line: 37)

Saving complete
 
(Filename: C:/buildslave/unity/build/artifacts/generated/common/runtime/UnityEngineDebugBindings.gen.cpp Line: 37)

Saved 3,970 ents, serialization(0.00), write(0.00), disk(0.00) totalstall(0.00).
 
(Filename: C:/buildslave/unity/build/artifacts/generated/common/runtime/UnityEngineDebugBindings.gen.cpp Line: 37)

Saving complete
 
(Filename: C:/buildslave/unity/build/artifacts/generated/common/runtime/UnityEngineDebugBindings.gen.cpp Line: 37)

Saved 3,968 ents, serialization(0.00), write(0.00), disk(0.00) totalstall(0.00).
 
(Filename: C:/buildslave/unity/build/artifacts/generated/common/runtime/UnityEngineDebugBindings.gen.cpp Line: 37)

Saving complete
 
(Filename: C:/buildslave/unity/build/artifacts/generated/common/runtime/UnityEngineDebugBindings.gen.cpp Line: 37)

Saved 3,969 ents, serialization(0.00), write(0.00), disk(0.00) totalstall(0.00).
 
(Filename: C:/buildslave/unity/build/artifacts/generated/common/runtime/UnityEngineDebugBindings.gen.cpp Line: 37)

Saving complete
 
(Filename: C:/buildslave/unity/build/artifacts/generated/common/runtime/UnityEngineDebugBindings.gen.cpp Line: 37)

132.255.196.56:58958/76561197994523959/Bokudo has auth level 2
 
(Filename: C:/buildslave/unity/build/artifacts/generated/common/runtime/UnityEngineDebugBindings.gen.cpp Line: 37)

Saved 3,969 ents, serialization(0.00), write(0.00), disk(0.00) totalstall(0.00).
 
(Filename: C:/buildslave/unity/build/artifacts/generated/common/runtime/UnityEngineDebugBindings.gen.cpp Line: 37)

Saving complete
 
(Filename: C:/buildslave/unity/build/artifacts/generated/common/runtime/UnityEngineDebugBindings.gen.cpp Line: 37)

Saved 3,970 ents, serialization(0.00), write(0.00), disk(0.00) totalstall(0.00).
 
(Filename: C:/buildslave/unity/build/artifacts/generated/common/runtime/UnityEngineDebugBindings.gen.cpp Line: 37)

Saving complete
 
(Filename: C:/buildslave/unity/build/artifacts/generated/common/runtime/UnityEngineDebugBindings.gen.cpp Line: 37)

[Oxide] 15:44 [Info] [Notifier v2.18.4] Horario do Rust(Game) 05/27/2024 18:17:28
 
(Filename: C:/buildslave/unity/build/artifacts/generated/common/runtime/UnityEngineDebugBindings.gen.cpp Line: 37)

[Oxide] 15:44 [Info] [Notifier] There are 0/100 players playing in the server, and 1 sleepers.
 
(Filename: C:/buildslave/unity/build/artifacts/generated/common/runtime/UnityEngineDebugBindings.gen.cpp Line: 37)

[Oxide] 15:45 [Warning] CallHook 'OnPlayerInit' on plugin 'RustIO v2.8.0' took: 528ms
 
(Filename: C:/buildslave/unity/build/artifacts/generated/common/runtime/UnityEngineDebugBindings.gen.cpp Line: 37)

[Oxide] 15:45 [Info] [Notifier] Bokudo joined from Brazil
 
(Filename: C:/buildslave/unity/build/artifacts/generated/common/runtime/UnityEngineDebugBindings.gen.cpp Line: 37)

132.255.196.56:58958/76561197994523959/Bokudo joined [windows/76561197994523959]
 
(Filename: C:/buildslave/unity/build/artifacts/generated/common/runtime/UnityEngineDebugBindings.gen.cpp Line: 37)

[Oxide] 15:45 [Info] [Notifier v2.18.4] Bokudo joined the server, from Brazil.
 
(Filename: C:/buildslave/unity/build/artifacts/generated/common/runtime/UnityEngineDebugBindings.gen.cpp Line: 37)

Saved 3,971 ents, serialization(0.00), write(0.00), disk(0.00) totalstall(0.00).
 
(Filename: C:/buildslave/unity/build/artifacts/generated/common/runtime/UnityEngineDebugBindings.gen.cpp Line: 37)

Saving complete
 
(Filename: C:/buildslave/unity/build/artifacts/generated/common/runtime/UnityEngineDebugBindings.gen.cpp Line: 37)

Saved 3,973 ents, serialization(0.00), write(0.00), disk(0.00) totalstall(0.00).
 
(Filename: C:/buildslave/unity/build/artifacts/generated/common/runtime/UnityEngineDebugBindings.gen.cpp Line: 37)

Saving complete
 
(Filename: C:/buildslave/unity/build/artifacts/generated/common/runtime/UnityEngineDebugBindings.gen.cpp Line: 37)

Saved 3,972 ents, serialization(0.00), write(0.00), disk(0.00) totalstall(0.00).
 
(Filename: C:/buildslave/unity/build/artifacts/generated/common/runtime/UnityEngineDebugBindings.gen.cpp Line: 37)

Saving complete
 
(Filename: C:/buildslave/unity/build/artifacts/generated/common/runtime/UnityEngineDebugBindings.gen.cpp Line: 37)

Saved 3,970 ents, serialization(0.00), write(0.00), disk(0.00) totalstall(0.00).
 
(Filename: C:/buildslave/unity/build/artifacts/generated/common/runtime/UnityEngineDebugBindings.gen.cpp Line: 37)

Saving complete
 
(Filename: C:/buildslave/unity/build/artifacts/generated/common/runtime/UnityEngineDebugBindings.gen.cpp Line: 37)

Saved 3,971 ents, serialization(0.00), write(0.00), disk(0.00) totalstall(0.00).
 
(Filename: C:/buildslave/unity/build/artifacts/generated/common/runtime/UnityEngineDebugBindings.gen.cpp Line: 37)

Saving complete
 
(Filename: C:/buildslave/unity/build/artifacts/generated/common/runtime/UnityEngineDebugBindings.gen.cpp Line: 37)

Saved 3,967 ents, serialization(0.00), write(0.00), disk(0.00) totalstall(0.00).
 
(Filename: C:/buildslave/unity/build/artifacts/generated/common/runtime/UnityEngineDebugBindings.gen.cpp Line: 37)

Saving complete
 
(Filename: C:/buildslave/unity/build/artifacts/generated/common/runtime/UnityEngineDebugBindings.gen.cpp Line: 37)

[event] assets/prefabs/npc/cargo plane/cargo_plane.prefab
 
(Filename: C:/buildslave/unity/build/artifacts/generated/common/runtime/UnityEngineDebugBindings.gen.cpp Line: 37)

[CHAT] Bokudo: oi
 
(Filename: C:/buildslave/unity/build/artifacts/generated/common/runtime/UnityEngineDebugBindings.gen.cpp Line: 37)

Saved 3,970 ents, serialization(0.00), write(0.00), disk(0.00) totalstall(0.00).
 
(Filename: C:/buildslave/unity/build/artifacts/generated/common/runtime/UnityEngineDebugBindings.gen.cpp Line: 37)

Saving complete
 
(Filename: C:/buildslave/unity/build/artifacts/generated/common/runtime/UnityEngineDebugBindings.gen.cpp Line: 37)

Saved 3,973 ents, serialization(0.00), write(0.00), disk(0.00) totalstall(0.00).
 
(Filename: C:/buildslave/unity/build/artifacts/generated/common/runtime/UnityEngineDebugBindings.gen.cpp Line: 37)

Saving complete
 
(Filename: C:/buildslave/unity/build/artifacts/generated/common/runtime/UnityEngineDebugBindings.gen.cpp Line: 37)

[Oxide] 15:56 [Info] [Notifier v2.18.4] Quer saber os comandos disponiveis no servidor? Digite /help.
 
(Filename: C:/buildslave/unity/build/artifacts/generated/common/runtime/UnityEngineDebugBindings.gen.cpp Line: 37)

[Oxide] 15:56 [Info] [Notifier] Cheating or abusing of game exploits will result in a permanent ban.
 
(Filename: C:/buildslave/unity/build/artifacts/generated/common/runtime/UnityEngineDebugBindings.gen.cpp Line: 37)

Saved 3,973 ents, serialization(0.00), write(0.00), disk(0.00) totalstall(0.00).
 
(Filename: C:/buildslave/unity/build/artifacts/generated/common/runtime/UnityEngineDebugBindings.gen.cpp Line: 37)

Saving complete
 
(Filename: C:/buildslave/unity/build/artifacts/generated/common/runtime/UnityEngineDebugBindings.gen.cpp Line: 37)

Saved 3,976 ents, serialization(0.00), write(0.00), disk(0.00) totalstall(0.01).
 
(Filename: C:/buildslave/unity/build/artifacts/generated/common/runtime/UnityEngineDebugBindings.gen.cpp Line: 37)

Saving complete
 
(Filename: C:/buildslave/unity/build/artifacts/generated/common/runtime/UnityEngineDebugBindings.gen.cpp Line: 37)

Saved 3,979 ents, serialization(0.00), write(0.00), disk(0.00) totalstall(0.00).
 
(Filename: C:/buildslave/unity/build/artifacts/generated/common/runtime/UnityEngineDebugBindings.gen.cpp Line: 37)

Saving complete
 
(Filename: C:/buildslave/unity/build/artifacts/generated/common/runtime/UnityEngineDebugBindings.gen.cpp Line: 37)

Saved 3,979 ents, serialization(0.00), write(0.00), disk(0.00) totalstall(0.00).
 
(Filename: C:/buildslave/unity/build/artifacts/generated/common/runtime/UnityEngineDebugBindings.gen.cpp Line: 37)

Saving complete
 
(Filename: C:/buildslave/unity/build/artifacts/generated/common/runtime/UnityEngineDebugBindings.gen.cpp Line: 37)

Saved 3,978 ents, serialization(0.00), write(0.00), disk(0.00) totalstall(0.00).
 
(Filename: C:/buildslave/unity/build/artifacts/generated/common/runtime/UnityEngineDebugBindings.gen.cpp Line: 37)

Saving complete
 
(Filename: C:/buildslave/unity/build/artifacts/generated/common/runtime/UnityEngineDebugBindings.gen.cpp Line: 37)

[admin] giving Bokudo 1 x Building Plan
 
(Filename: C:/buildslave/unity/build/artifacts/generated/common/runtime/UnityEngineDebugBindings.gen.cpp Line: 37)

Saved 3,979 ents, serialization(0.00), write(0.00), disk(0.00) totalstall(0.00).
 
(Filename: C:/buildslave/unity/build/artifacts/generated/common/runtime/UnityEngineDebugBindings.gen.cpp Line: 37)

Saving complete
 
(Filename: C:/buildslave/unity/build/artifacts/generated/common/runtime/UnityEngineDebugBindings.gen.cpp Line: 37)

Saved 3,994 ents, serialization(0.00), write(0.00), disk(0.00) totalstall(0.00).
 
(Filename: C:/buildslave/unity/build/artifacts/generated/common/runtime/UnityEngineDebugBindings.gen.cpp Line: 37)

Saving complete
 
(Filename: C:/buildslave/unity/build/artifacts/generated/common/runtime/UnityEngineDebugBindings.gen.cpp Line: 37)

[Oxide] 16:03 [Info] [Death Notes] Bokudo killed a Stag with a Hunting Bow from 17.58m.
 
(Filename: C:/buildslave/unity/build/artifacts/generated/common/runtime/UnityEngineDebugBindings.gen.cpp Line: 37)

Saved 3,990 ents, serialization(0.00), write(0.00), disk(0.00) totalstall(0.00).
 
(Filename: C:/buildslave/unity/build/artifacts/generated/common/runtime/UnityEngineDebugBindings.gen.cpp Line: 37)

Saving complete
 
(Filename: C:/buildslave/unity/build/artifacts/generated/common/runtime/UnityEngineDebugBindings.gen.cpp Line: 37)

Saved 4,000 ents, serialization(0.00), write(0.00), disk(0.00) totalstall(0.00).
 
(Filename: C:/buildslave/unity/build/artifacts/generated/common/runtime/UnityEngineDebugBindings.gen.cpp Line: 37)

Saving complete
 
(Filename: C:/buildslave/unity/build/artifacts/generated/common/runtime/UnityEngineDebugBindings.gen.cpp Line: 37)

Saved 3,990 ents, serialization(0.00), write(0.00), disk(0.00) totalstall(0.00).
 
(Filename: C:/buildslave/unity/build/artifacts/generated/common/runtime/UnityEngineDebugBindings.gen.cpp Line: 37)

Saving complete
 
(Filename: C:/buildslave/unity/build/artifacts/generated/common/runtime/UnityEngineDebugBindings.gen.cpp Line: 37)

Saved 3,991 ents, serialization(0.00), write(0.00), disk(0.00) totalstall(0.00).
 
(Filename: C:/buildslave/unity/build/artifacts/generated/common/runtime/UnityEngineDebugBindings.gen.cpp Line: 37)

Saving complete
 
(Filename: C:/buildslave/unity/build/artifacts/generated/common/runtime/UnityEngineDebugBindings.gen.cpp Line: 37)

Saved 3,988 ents, serialization(0.00), write(0.00), disk(0.00) totalstall(0.00).
 
(Filename: C:/buildslave/unity/build/artifacts/generated/common/runtime/UnityEngineDebugBindings.gen.cpp Line: 37)

Saving complete
 
(Filename: C:/buildslave/unity/build/artifacts/generated/common/runtime/UnityEngineDebugBindings.gen.cpp Line: 37)

[Oxide] 16:08 [Info] [Notifier v2.18.4] Cheats e Hacks sao proibidos.
 
(Filename: C:/buildslave/unity/build/artifacts/generated/common/runtime/UnityEngineDebugBindings.gen.cpp Line: 37)

[Oxide] 16:08 [Info] [Notifier] You are playing on: [BR] DEFENDERS TESTE SERVER! X5!
 
(Filename: C:/buildslave/unity/build/artifacts/generated/common/runtime/UnityEngineDebugBindings.gen.cpp Line: 37)

Saved 3,988 ents, serialization(0.00), write(0.00), disk(0.00) totalstall(0.00).
 
(Filename: C:/buildslave/unity/build/artifacts/generated/common/runtime/UnityEngineDebugBindings.gen.cpp Line: 37)

Saving complete
 
(Filename: C:/buildslave/unity/build/artifacts/generated/common/runtime/UnityEngineDebugBindings.gen.cpp Line: 37)

[CHAT] Bokudo: kit inicio max 50
 
(Filename: C:/buildslave/unity/build/artifacts/generated/common/runtime/UnityEngineDebugBindings.gen.cpp Line: 37)

Saved 3,988 ents, serialization(0.00), write(0.00), disk(0.00) totalstall(0.00).
 
(Filename: C:/buildslave/unity/build/artifacts/generated/common/runtime/UnityEngineDebugBindings.gen.cpp Line: 37)

Saving complete
 
(Filename: C:/buildslave/unity/build/artifacts/generated/common/runtime/UnityEngineDebugBindings.gen.cpp Line: 37)

Saved 4,003 ents, serialization(0.00), write(0.00), disk(0.00) totalstall(0.00).
 
(Filename: C:/buildslave/unity/build/artifacts/generated/common/runtime/UnityEngineDebugBindings.gen.cpp Line: 37)

Saving complete
 
(Filename: C:/buildslave/unity/build/artifacts/generated/common/runtime/UnityEngineDebugBindings.gen.cpp Line: 37)

Saved 4,001 ents, serialization(0.00), write(0.00), disk(0.00) totalstall(0.00).
 
(Filename: C:/buildslave/unity/build/artifacts/generated/common/runtime/UnityEngineDebugBindings.gen.cpp Line: 37)

Saving complete
 
(Filename: C:/buildslave/unity/build/artifacts/generated/common/runtime/UnityEngineDebugBindings.gen.cpp Line: 37)

Saved 4,014 ents, serialization(0.00), write(0.00), disk(0.00) totalstall(0.00).
 
(Filename: C:/buildslave/unity/build/artifacts/generated/common/runtime/UnityEngineDebugBindings.gen.cpp Line: 37)

Saving complete
 
(Filename: C:/buildslave/unity/build/artifacts/generated/common/runtime/UnityEngineDebugBindings.gen.cpp Line: 37)

Saved 4,006 ents, serialization(0.00), write(0.00), disk(0.00) totalstall(0.00).
 
(Filename: C:/buildslave/unity/build/artifacts/generated/common/runtime/UnityEngineDebugBindings.gen.cpp Line: 37)

Saving complete
 
(Filename: C:/buildslave/unity/build/artifacts/generated/common/runtime/UnityEngineDebugBindings.gen.cpp Line: 37)

Saved 4,007 ents, serialization(0.00), write(0.00), disk(0.00) totalstall(0.00).
 
(Filename: C:/buildslave/unity/build/artifacts/generated/common/runtime/UnityEngineDebugBindings.gen.cpp Line: 37)

Saving complete
 
(Filename: C:/buildslave/unity/build/artifacts/generated/common/runtime/UnityEngineDebugBindings.gen.cpp Line: 37)

[Oxide] 16:16 [Info] [Death Notes] Bokudo killed a Stag with a Hunting Bow from 14.19m.
 
(Filename: C:/buildslave/unity/build/artifacts/generated/common/runtime/UnityEngineDebugBindings.gen.cpp Line: 37)

Saved 4,002 ents, serialization(0.00), write(0.00), disk(0.00) totalstall(0.00).
 
(Filename: C:/buildslave/unity/build/artifacts/generated/common/runtime/UnityEngineDebugBindings.gen.cpp Line: 37)

Saving complete
 
(Filename: C:/buildslave/unity/build/artifacts/generated/common/runtime/UnityEngineDebugBindings.gen.cpp Line: 37)

[admin] giving Bokudo 1000 x Crude Oil
 
(Filename: C:/buildslave/unity/build/artifacts/generated/common/runtime/UnityEngineDebugBindings.gen.cpp Line: 37)

[admin] giving Bokudo 1000 x Crude Oil
 
(Filename: C:/buildslave/unity/build/artifacts/generated/common/runtime/UnityEngineDebugBindings.gen.cpp Line: 37)

Saved 3,996 ents, serialization(0.00), write(0.00), disk(0.00) totalstall(0.00).
 
(Filename: C:/buildslave/unity/build/artifacts/generated/common/runtime/UnityEngineDebugBindings.gen.cpp Line: 37)

Saving complete
 
(Filename: C:/buildslave/unity/build/artifacts/generated/common/runtime/UnityEngineDebugBindings.gen.cpp Line: 37)

[admin] giving Bokudo 1000 x Wood
 
(Filename: C:/buildslave/unity/build/artifacts/generated/common/runtime/UnityEngineDebugBindings.gen.cpp Line: 37)

Saved 3,995 ents, serialization(0.00), write(0.00), disk(0.00) totalstall(0.00).
 
(Filename: C:/buildslave/unity/build/artifacts/generated/common/runtime/UnityEngineDebugBindings.gen.cpp Line: 37)

Saving complete
 
(Filename: C:/buildslave/unity/build/artifacts/generated/common/runtime/UnityEngineDebugBindings.gen.cpp Line: 37)

Saved 3,995 ents, serialization(0.00), write(0.00), disk(0.00) totalstall(0.00).
 
(Filename: C:/buildslave/unity/build/artifacts/generated/common/runtime/UnityEngineDebugBindings.gen.cpp Line: 37)

Saving complete
 
(Filename: C:/buildslave/unity/build/artifacts/generated/common/runtime/UnityEngineDebugBindings.gen.cpp Line: 37)

Saved 3,987 ents, serialization(0.00), write(0.00), disk(0.00) totalstall(0.01).
 
(Filename: C:/buildslave/unity/build/artifacts/generated/common/runtime/UnityEngineDebugBindings.gen.cpp Line: 37)

Saving complete
 
(Filename: C:/buildslave/unity/build/artifacts/generated/common/runtime/UnityEngineDebugBindings.gen.cpp Line: 37)

[admin] giving Bokudo 1 x Low Grade Fuel
 
(Filename: C:/buildslave/unity/build/artifacts/generated/common/runtime/UnityEngineDebugBindings.gen.cpp Line: 37)

[admin] giving Bokudo 501 x Low Grade Fuel
 
(Filename: C:/buildslave/unity/build/artifacts/generated/common/runtime/UnityEngineDebugBindings.gen.cpp Line: 37)

[Oxide] 16:20 [Info] [Notifier v2.18.4] Quer saber os comandos disponiveis no servidor? Digite /help.
 
(Filename: C:/buildslave/unity/build/artifacts/generated/common/runtime/UnityEngineDebugBindings.gen.cpp Line: 37)

[Oxide] 16:20 [Info] [Notifier] There are 1/100 players playing in the server, and 0 sleepers.
 
(Filename: C:/buildslave/unity/build/artifacts/generated/common/runtime/UnityEngineDebugBindings.gen.cpp Line: 37)

Saved 3,988 ents, serialization(0.00), write(0.00), disk(0.00) totalstall(0.00).
 
(Filename: C:/buildslave/unity/build/artifacts/generated/common/runtime/UnityEngineDebugBindings.gen.cpp Line: 37)

Saving complete
 
(Filename: C:/buildslave/unity/build/artifacts/generated/common/runtime/UnityEngineDebugBindings.gen.cpp Line: 37)

[Oxide] 16:21 [Error] Failed to call hook 'OnQuarryGather' on plugin 'IGather v0.0.8' (NullReferenceException: Object reference not set to an instance of an object)
 
(Filename: C:/buildslave/unity/build/artifacts/generated/common/runtime/UnityEngineDebugBindings.gen.cpp Line: 37)

[Oxide] 16:21 [Debug]   at Oxide.Plugins.IGather.OnQuarryGather (.MiningQuarry quarry, .Item item) [0x00000] in <filename unknown>:0 
  at Oxide.Plugins.IGather.DirectCallHook (System.String name, System.Object& ret, System.Object[] args) [0x00000] in <filename unknown>:0 
  at Oxide.Plugins.CSharpPlugin.InvokeMethod (System.Reflection.MethodInfo method, System.Object[] args) [0x00000] in <filename unknown>:0 
  at Oxide.Core.Plugins.CSPlugin.OnCallHook (System.String name, System.Object[] args) [0x00000] in <filename unknown>:0 
  at Oxide.Core.Plugins.Plugin.CallHook (System.String hookname, System.Object[] args) [0x00000] in <filename unknown>:0 
 
(Filename: C:/buildslave/unity/build/artifacts/generated/common/runtime/UnityEngineDebugBindings.gen.cpp Line: 37)

Saved 3,988 ents, serialization(0.00), write(0.00), disk(0.00) totalstall(0.00).
 
(Filename: C:/buildslave/unity/build/artifacts/generated/common/runtime/UnityEngineDebugBindings.gen.cpp Line: 37)

Saving complete
 
(Filename: C:/buildslave/unity/build/artifacts/generated/common/runtime/UnityEngineDebugBindings.gen.cpp Line: 37)

[admin] giving Bokudo 1 x Empty Can Of Beans
 
(Filename: C:/buildslave/unity/build/artifacts/generated/common/runtime/UnityEngineDebugBindings.gen.cpp Line: 37)

[admin] giving Bokudo 1 x Empty Can Of Beans
 
(Filename: C:/buildslave/unity/build/artifacts/generated/common/runtime/UnityEngineDebugBindings.gen.cpp Line: 37)

[admin] giving Bokudo 1 x Cooked Wolf Meat
 
(Filename: C:/buildslave/unity/build/artifacts/generated/common/runtime/UnityEngineDebugBindings.gen.cpp Line: 37)

[admin] giving Bokudo 1 x Cooked Wolf Meat
 
(Filename: C:/buildslave/unity/build/artifacts/generated/common/runtime/UnityEngineDebugBindings.gen.cpp Line: 37)

[admin] giving Bokudo 1 x Cooked Wolf Meat
 
(Filename: C:/buildslave/unity/build/artifacts/generated/common/runtime/UnityEngineDebugBindings.gen.cpp Line: 37)

[admin] giving Bokudo 1 x Cooked Wolf Meat
 
(Filename: C:/buildslave/unity/build/artifacts/generated/common/runtime/UnityEngineDebugBindings.gen.cpp Line: 37)

Saved 3,990 ents, serialization(0.00), write(0.00), disk(0.00) totalstall(0.00).
 
(Filename: C:/buildslave/unity/build/artifacts/generated/common/runtime/UnityEngineDebugBindings.gen.cpp Line: 37)

Saving complete
 
(Filename: C:/buildslave/unity/build/artifacts/generated/common/runtime/UnityEngineDebugBindings.gen.cpp Line: 37)

Saved 3,990 ents, serialization(0.00), write(0.00), disk(0.00) totalstall(0.00).
 
(Filename: C:/buildslave/unity/build/artifacts/generated/common/runtime/UnityEngineDebugBindings.gen.cpp Line: 37)

Saving complete
 
(Filename: C:/buildslave/unity/build/artifacts/generated/common/runtime/UnityEngineDebugBindings.gen.cpp Line: 37)

Saved 4,008 ents, serialization(0.00), write(0.00), disk(0.00) totalstall(0.00).
 
(Filename: C:/buildslave/unity/build/artifacts/generated/common/runtime/UnityEngineDebugBindings.gen.cpp Line: 37)

Saving complete
 
(Filename: C:/buildslave/unity/build/artifacts/generated/common/runtime/UnityEngineDebugBindings.gen.cpp Line: 37)

Saved 4,026 ents, serialization(0.00), write(0.00), disk(0.00) totalstall(0.00).
 
(Filename: C:/buildslave/unity/build/artifacts/generated/common/runtime/UnityEngineDebugBindings.gen.cpp Line: 37)

Saving complete
 
(Filename: C:/buildslave/unity/build/artifacts/generated/common/runtime/UnityEngineDebugBindings.gen.cpp Line: 37)

Saved 4,043 ents, serialization(0.00), write(0.00), disk(0.00) totalstall(0.00).
 
(Filename: C:/buildslave/unity/build/artifacts/generated/common/runtime/UnityEngineDebugBindings.gen.cpp Line: 37)

Saving complete
 
(Filename: C:/buildslave/unity/build/artifacts/generated/common/runtime/UnityEngineDebugBindings.gen.cpp Line: 37)

[admin] giving Bokudo 1 x Furnace
 
(Filename: C:/buildslave/unity/build/artifacts/generated/common/runtime/UnityEngineDebugBindings.gen.cpp Line: 37)

[admin] giving Bokudo 1000 x High Quality Metal Ore
 
(Filename: C:/buildslave/unity/build/artifacts/generated/common/runtime/UnityEngineDebugBindings.gen.cpp Line: 37)

Saved 4,034 ents, serialization(0.00), write(0.00), disk(0.00) totalstall(0.00).
 
(Filename: C:/buildslave/unity/build/artifacts/generated/common/runtime/UnityEngineDebugBindings.gen.cpp Line: 37)

Saving complete
 
(Filename: C:/buildslave/unity/build/artifacts/generated/common/runtime/UnityEngineDebugBindings.gen.cpp Line: 37)

[admin] giving Bokudo 1000 x Wood
 
(Filename: C:/buildslave/unity/build/artifacts/generated/common/runtime/UnityEngineDebugBindings.gen.cpp Line: 37)

Saved 4,014 ents, serialization(0.00), write(0.00), disk(0.00) totalstall(0.00).
 
(Filename: C:/buildslave/unity/build/artifacts/generated/common/runtime/UnityEngineDebugBindings.gen.cpp Line: 37)

Saving complete
 
(Filename: C:/buildslave/unity/build/artifacts/generated/common/runtime/UnityEngineDebugBindings.gen.cpp Line: 37)

Saved 4,003 ents, serialization(0.00), write(0.00), disk(0.00) totalstall(0.00).
 
(Filename: C:/buildslave/unity/build/artifacts/generated/common/runtime/UnityEngineDebugBindings.gen.cpp Line: 37)

Saving complete
 
(Filename: C:/buildslave/unity/build/artifacts/generated/common/runtime/UnityEngineDebugBindings.gen.cpp Line: 37)

Saved 3,999 ents, serialization(0.00), write(0.00), disk(0.00) totalstall(0.00).
 
(Filename: C:/buildslave/unity/build/artifacts/generated/common/runtime/UnityEngineDebugBindings.gen.cpp Line: 37)

Saving complete
 
(Filename: C:/buildslave/unity/build/artifacts/generated/common/runtime/UnityEngineDebugBindings.gen.cpp Line: 37)

Saved 3,994 ents, serialization(0.00), write(0.00), disk(0.00) totalstall(0.00).
 
(Filename: C:/buildslave/unity/build/artifacts/generated/common/runtime/UnityEngineDebugBindings.gen.cpp Line: 37)

Saving complete
 
(Filename: C:/buildslave/unity/build/artifacts/generated/common/runtime/UnityEngineDebugBindings.gen.cpp Line: 37)

[Oxide] 16:32 [Info] [Notifier v2.18.4] Cheats e Hacks sao proibidos.
 
(Filename: C:/buildslave/unity/build/artifacts/generated/common/runtime/UnityEngineDebugBindings.gen.cpp Line: 37)

[Oxide] 16:32 [Info] [Notifier] Please avoid any insults and be respectful!
 
(Filename: C:/buildslave/unity/build/artifacts/generated/common/runtime/UnityEngineDebugBindings.gen.cpp Line: 37)

Saved 3,990 ents, serialization(0.00), write(0.00), disk(0.00) totalstall(0.00).
 
(Filename: C:/buildslave/unity/build/artifacts/generated/common/runtime/UnityEngineDebugBindings.gen.cpp Line: 37)

Saving complete
 
(Filename: C:/buildslave/unity/build/artifacts/generated/common/runtime/UnityEngineDebugBindings.gen.cpp Line: 37)

Saved 3,990 ents, serialization(0.00), write(0.00), disk(0.00) totalstall(0.00).
 
(Filename: C:/buildslave/unity/build/artifacts/generated/common/runtime/UnityEngineDebugBindings.gen.cpp Line: 37)

Saving complete
 
(Filename: C:/buildslave/unity/build/artifacts/generated/common/runtime/UnityEngineDebugBindings.gen.cpp Line: 37)

[Oxide] 16:35 [Info] QuickSmelt was compiled successfully in 2018ms
 
(Filename: C:/buildslave/unity/build/artifacts/generated/common/runtime/UnityEngineDebugBindings.gen.cpp Line: 37)

[Oxide] 16:35 [Info] Unloaded plugin QuickSmelt v1.1.0 by Wulf/lukespragg
 
(Filename: C:/buildslave/unity/build/artifacts/generated/common/runtime/UnityEngineDebugBindings.gen.cpp Line: 37)

Non platform assembly: data-0000000030CEA900 (this message is harmless)
Fallback handler could not load library E:/rust_final/RustDedicated_Data/Mono/data-0000000030CEA900.dll
[Oxide] 16:35 [Info] Loaded plugin QuickSmelt v1.1.0 by Wulf/lukespragg
 
(Filename: C:/buildslave/unity/build/artifacts/generated/common/runtime/UnityEngineDebugBindings.gen.cpp Line: 37)

Saved 3,989 ents, serialization(0.00), write(0.00), disk(0.00) totalstall(0.00).
 
(Filename: C:/buildslave/unity/build/artifacts/generated/common/runtime/UnityEngineDebugBindings.gen.cpp Line: 37)

Saving complete
 
(Filename: C:/buildslave/unity/build/artifacts/generated/common/runtime/UnityEngineDebugBindings.gen.cpp Line: 37)

Saved 3,984 ents, serialization(0.00), write(0.00), disk(0.00) totalstall(0.00).
 
(Filename: C:/buildslave/unity/build/artifacts/generated/common/runtime/UnityEngineDebugBindings.gen.cpp Line: 37)

Saving complete
 
(Filename: C:/buildslave/unity/build/artifacts/generated/common/runtime/UnityEngineDebugBindings.gen.cpp Line: 37)

[Oxide] 16:36 [Info] Unloaded plugin QuickSmelt v1.1.0 by Wulf/lukespragg
 
(Filename: C:/buildslave/unity/build/artifacts/generated/common/runtime/UnityEngineDebugBindings.gen.cpp Line: 37)

[Oxide] 16:36 [Info] Loaded plugin QuickSmelt v1.1.0 by Wulf/lukespragg
 
(Filename: C:/buildslave/unity/build/artifacts/generated/common/runtime/UnityEngineDebugBindings.gen.cpp Line: 37)

[Oxide] 16:37 [Info] Unloaded plugin QuickSmelt v1.1.0 by Wulf/lukespragg
 
(Filename: C:/buildslave/unity/build/artifacts/generated/common/runtime/UnityEngineDebugBindings.gen.cpp Line: 37)

[Oxide] 16:37 [Info] Loaded plugin QuickSmelt v1.1.0 by Wulf/lukespragg
 
(Filename: C:/buildslave/unity/build/artifacts/generated/common/runtime/UnityEngineDebugBindings.gen.cpp Line: 37)

Saved 3,984 ents, serialization(0.00), write(0.00), disk(0.00) totalstall(0.00).
 
(Filename: C:/buildslave/unity/build/artifacts/generated/common/runtime/UnityEngineDebugBindings.gen.cpp Line: 37)

Saving complete
 
(Filename: C:/buildslave/unity/build/artifacts/generated/common/runtime/UnityEngineDebugBindings.gen.cpp Line: 37)

[Oxide] 16:37 [Info] Unloaded plugin QuickSmelt v1.1.0 by Wulf/lukespragg
 
(Filename: C:/buildslave/unity/build/artifacts/generated/common/runtime/UnityEngineDebugBindings.gen.cpp Line: 37)

[Oxide] 16:37 [Info] Loaded plugin QuickSmelt v1.1.0 by Wulf/lukespragg
 
(Filename: C:/buildslave/unity/build/artifacts/generated/common/runtime/UnityEngineDebugBindings.gen.cpp Line: 37)

Saved 3,984 ents, serialization(0.00), write(0.00), disk(0.00) totalstall(0.00).
 
(Filename: C:/buildslave/unity/build/artifacts/generated/common/runtime/UnityEngineDebugBindings.gen.cpp Line: 37)

Saving complete
 
(Filename: C:/buildslave/unity/build/artifacts/generated/common/runtime/UnityEngineDebugBindings.gen.cpp Line: 37)

[Oxide] 16:38 [Info] Unloaded plugin QuickSmelt v1.1.0 by Wulf/lukespragg
 
(Filename: C:/buildslave/unity/build/artifacts/generated/common/runtime/UnityEngineDebugBindings.gen.cpp Line: 37)

[Oxide] 16:38 [Info] Loaded plugin QuickSmelt v1.1.0 by Wulf/lukespragg
 
(Filename: C:/buildslave/unity/build/artifacts/generated/common/runtime/UnityEngineDebugBindings.gen.cpp Line: 37)

Saved 3,985 ents, serialization(0.00), write(0.00), disk(0.00) totalstall(0.00).
 
(Filename: C:/buildslave/unity/build/artifacts/generated/common/runtime/UnityEngineDebugBindings.gen.cpp Line: 37)

Saving complete
 
(Filename: C:/buildslave/unity/build/artifacts/generated/common/runtime/UnityEngineDebugBindings.gen.cpp Line: 37)

[Oxide] 16:39 [Info] Unloaded plugin QuickSmelt v1.1.0 by Wulf/lukespragg
 
(Filename: C:/buildslave/unity/build/artifacts/generated/common/runtime/UnityEngineDebugBindings.gen.cpp Line: 37)

[Oxide] 16:39 [Info] Loaded plugin QuickSmelt v1.1.0 by Wulf/lukespragg
 
(Filename: C:/buildslave/unity/build/artifacts/generated/common/runtime/UnityEngineDebugBindings.gen.cpp Line: 37)

[Oxide] 16:40 [Info] Unloaded plugin QuickSmelt v1.1.0 by Wulf/lukespragg
 
(Filename: C:/buildslave/unity/build/artifacts/generated/common/runtime/UnityEngineDebugBindings.gen.cpp Line: 37)

[Oxide] 16:40 [Info] Loaded plugin QuickSmelt v1.1.0 by Wulf/lukespragg
 
(Filename: C:/buildslave/unity/build/artifacts/generated/common/runtime/UnityEngineDebugBindings.gen.cpp Line: 37)

Saved 3,984 ents, serialization(0.00), write(0.00), disk(0.00) totalstall(0.00).
 
(Filename: C:/buildslave/unity/build/artifacts/generated/common/runtime/UnityEngineDebugBindings.gen.cpp Line: 37)

Saving complete
 
(Filename: C:/buildslave/unity/build/artifacts/generated/common/runtime/UnityEngineDebugBindings.gen.cpp Line: 37)

[Oxide] 16:40 [Info] Unloaded plugin QuickSmelt v1.1.0 by Wulf/lukespragg
 
(Filename: C:/buildslave/unity/build/artifacts/generated/common/runtime/UnityEngineDebugBindings.gen.cpp Line: 37)

[Oxide] 16:40 [Info] Loaded plugin QuickSmelt v1.1.0 by Wulf/lukespragg
 
(Filename: C:/buildslave/unity/build/artifacts/generated/common/runtime/UnityEngineDebugBindings.gen.cpp Line: 37)

Saved 3,984 ents, serialization(0.00), write(0.00), disk(0.00) totalstall(0.00).
 
(Filename: C:/buildslave/unity/build/artifacts/generated/common/runtime/UnityEngineDebugBindings.gen.cpp Line: 37)

Saving complete
 
(Filename: C:/buildslave/unity/build/artifacts/generated/common/runtime/UnityEngineDebugBindings.gen.cpp Line: 37)

Saved 3,984 ents, serialization(0.00), write(0.00), disk(0.00) totalstall(0.00).
 
(Filename: C:/buildslave/unity/build/artifacts/generated/common/runtime/UnityEngineDebugBindings.gen.cpp Line: 37)

Saving complete
 
(Filename: C:/buildslave/unity/build/artifacts/generated/common/runtime/UnityEngineDebugBindings.gen.cpp Line: 37)

[Oxide] 16:42 [Error] Failed to load plugin 'igather' (no source found)
 
(Filename: C:/buildslave/unity/build/artifacts/generated/common/runtime/UnityEngineDebugBindings.gen.cpp Line: 37)

[Oxide] 16:43 [Info] IGather was compiled successfully in 2131ms
 
(Filename: C:/buildslave/unity/build/artifacts/generated/common/runtime/UnityEngineDebugBindings.gen.cpp Line: 37)

[Oxide] 16:43 [Info] Unloaded plugin IGather v0.0.8 by DylanSMR
 
(Filename: C:/buildslave/unity/build/artifacts/generated/common/runtime/UnityEngineDebugBindings.gen.cpp Line: 37)

Non platform assembly: data-0000000030D31150 (this message is harmless)
Fallback handler could not load library E:/rust_final/RustDedicated_Data/Mono/data-0000000030D31150.dll
[Oxide] 16:43 [Info] Loaded plugin IGather v0.0.8 by DylanSMR
 
(Filename: C:/buildslave/unity/build/artifacts/generated/common/runtime/UnityEngineDebugBindings.gen.cpp Line: 37)

[Oxide] 16:43 [Error] Failed to call hook 'OnQuarryGather' on plugin 'IGather v0.0.8' (NullReferenceException: Object reference not set to an instance of an object)
 
(Filename: C:/buildslave/unity/build/artifacts/generated/common/runtime/UnityEngineDebugBindings.gen.cpp Line: 37)

[Oxide] 16:43 [Debug]   at Oxide.Plugins.IGather.OnQuarryGather (.MiningQuarry quarry, .Item item) [0x00000] in <filename unknown>:0 
  at Oxide.Plugins.IGather.DirectCallHook (System.String name, System.Object& ret, System.Object[] args) [0x00000] in <filename unknown>:0 
  at Oxide.Plugins.CSharpPlugin.InvokeMethod (System.Reflection.MethodInfo method, System.Object[] args) [0x00000] in <filename unknown>:0 
  at Oxide.Core.Plugins.CSPlugin.OnCallHook (System.String name, System.Object[] args) [0x00000] in <filename unknown>:0 
  at Oxide.Core.Plugins.Plugin.CallHook (System.String hookname, System.Object[] args) [0x00000] in <filename unknown>:0 
 
(Filename: C:/buildslave/unity/build/artifacts/generated/common/runtime/UnityEngineDebugBindings.gen.cpp Line: 37)

Saved 3,985 ents, serialization(0.00), write(0.00), disk(0.00) totalstall(0.00).
 
(Filename: C:/buildslave/unity/build/artifacts/generated/common/runtime/UnityEngineDebugBindings.gen.cpp Line: 37)

Saving complete
 
(Filename: C:/buildslave/unity/build/artifacts/generated/common/runtime/UnityEngineDebugBindings.gen.cpp Line: 37)

[admin] giving Bokudo 1 x Hatchet
 
(Filename: C:/buildslave/unity/build/artifacts/generated/common/runtime/UnityEngineDebugBindings.gen.cpp Line: 37)

[admin] giving Bokudo 1 x Salvaged Icepick
 
(Filename: C:/buildslave/unity/build/artifacts/generated/common/runtime/UnityEngineDebugBindings.gen.cpp Line: 37)

[admin] giving Bokudo 1 x Pick Axe
 
(Filename: C:/buildslave/unity/build/artifacts/generated/common/runtime/UnityEngineDebugBindings.gen.cpp Line: 37)

[admin] giving Bokudo 1 x Stone Hatchet
 
(Filename: C:/buildslave/unity/build/artifacts/generated/common/runtime/UnityEngineDebugBindings.gen.cpp Line: 37)

[admin] giving Bokudo 1 x Stone Pick Axe
 
(Filename: C:/buildslave/unity/build/artifacts/generated/common/runtime/UnityEngineDebugBindings.gen.cpp Line: 37)

Saved 3,990 ents, serialization(0.00), write(0.00), disk(0.00) totalstall(0.00).
 
(Filename: C:/buildslave/unity/build/artifacts/generated/common/runtime/UnityEngineDebugBindings.gen.cpp Line: 37)

Saving complete
 
(Filename: C:/buildslave/unity/build/artifacts/generated/common/runtime/UnityEngineDebugBindings.gen.cpp Line: 37)

[Oxide] 16:44 [Info] [Notifier v2.18.4] Type /map for the server map link.
 
(Filename: C:/buildslave/unity/build/artifacts/generated/common/runtime/UnityEngineDebugBindings.gen.cpp Line: 37)

[Oxide] 16:44 [Info] [Notifier] There are 1/100 players playing in the server, and 0 sleepers.
 
(Filename: C:/buildslave/unity/build/artifacts/generated/common/runtime/UnityEngineDebugBindings.gen.cpp Line: 37)

Saved 3,989 ents, serialization(0.00), write(0.00), disk(0.00) totalstall(0.00).
 
(Filename: C:/buildslave/unity/build/artifacts/generated/common/runtime/UnityEngineDebugBindings.gen.cpp Line: 37)

Saving complete
 
(Filename: C:/buildslave/unity/build/artifacts/generated/common/runtime/UnityEngineDebugBindings.gen.cpp Line: 37)

Saved 3,989 ents, serialization(0.00), write(0.00), disk(0.00) totalstall(0.00).
 
(Filename: C:/buildslave/unity/build/artifacts/generated/common/runtime/UnityEngineDebugBindings.gen.cpp Line: 37)

Saving complete
 
(Filename: C:/buildslave/unity/build/artifacts/generated/common/runtime/UnityEngineDebugBindings.gen.cpp Line: 37)

[event] assets/prefabs/npc/cargo plane/cargo_plane.prefab
 
(Filename: C:/buildslave/unity/build/artifacts/generated/common/runtime/UnityEngineDebugBindings.gen.cpp Line: 37)

[Oxide] 16:47 [Info] StackSizeController was compiled successfully in 2002ms
 
(Filename: C:/buildslave/unity/build/artifacts/generated/common/runtime/UnityEngineDebugBindings.gen.cpp Line: 37)

Non platform assembly: data-0000000030D5FD30 (this message is harmless)
Fallback handler could not load library E:/rust_final/RustDedicated_Data/Mono/data-0000000030D5FD30.dll
[Oxide] 16:47 [Info] Loaded plugin Stack Size Controller v1.9.0 by Waizujin
 
(Filename: C:/buildslave/unity/build/artifacts/generated/common/runtime/UnityEngineDebugBindings.gen.cpp Line: 37)

[Oxide] 16:47 [Warning] [Stack Size Controller] Creating a new configuration file.
 
(Filename: C:/buildslave/unity/build/artifacts/generated/common/runtime/UnityEngineDebugBindings.gen.cpp Line: 37)

[BUNDLE] Not found in bundle: assets/content/ui/ingame/ui.item.dropped.anim.anim
 
(Filename: C:/buildslave/unity/build/artifacts/generated/common/runtime/UnityEngineDebugBindings.gen.cpp Line: 37)

[BUNDLE] Not found in bundle: assets/content/ui/ingame/ui.item.dropped.controller
 
(Filename: C:/buildslave/unity/build/artifacts/generated/common/runtime/UnityEngineDebugBindings.gen.cpp Line: 37)

[BUNDLE] Not found in bundle: assets/content/ui/ingame/ui.item.pickup.anim.anim
 
(Filename: C:/buildslave/unity/build/artifacts/generated/common/runtime/UnityEngineDebugBindings.gen.cpp Line: 37)

[BUNDLE] Not found in bundle: assets/content/ui/ingame/ui.item.pickup.controller
 
(Filename: C:/buildslave/unity/build/artifacts/generated/common/runtime/UnityEngineDebugBindings.gen.cpp Line: 37)

[BUNDLE] Not found in bundle: assets/content/ui/menu/ui.serverbrowser.item.controller
 
(Filename: C:/buildslave/unity/build/artifacts/generated/common/runtime/UnityEngineDebugBindings.gen.cpp Line: 37)

[BUNDLE] Not found in bundle: assets/content/ui/ui.itemicon.shader
 
(Filename: C:/buildslave/unity/build/artifacts/generated/common/runtime/UnityEngineDebugBindings.gen.cpp Line: 37)

[BUNDLE] Not found in bundle: assets/content/workshop/skin/ak47/digital camo/skin.ak47.digitalcamoak47.itemskin.asset
 
(Filename: C:/buildslave/unity/build/artifacts/generated/common/runtime/UnityEngineDebugBindings.gen.cpp Line: 37)

[BUNDLE] Not found in bundle: assets/content/workshop/skin/ak47/military camo/skin.ak47.militarycamoak47.itemskin.asset
 
(Filename: C:/buildslave/unity/build/artifacts/generated/common/runtime/UnityEngineDebugBindings.gen.cpp Line: 37)

[BUNDLE] Not found in bundle: assets/content/workshop/skin/ak47/temper/skin.ak47.temperedak47.itemskin.asset
 
(Filename: C:/buildslave/unity/build/artifacts/generated/common/runtime/UnityEngineDebugBindings.gen.cpp Line: 37)

[BUNDLE] Not found in bundle: assets/content/workshop/skin/balaclava/rust nightmare - balaclava/skin.balaclava.nightmarebalaclava.itemskin.asset
 
(Filename: C:/buildslave/unity/build/artifacts/generated/common/runtime/UnityEngineDebugBindings.gen.cpp Line: 37)

[BUNDLE] Not found in bundle: assets/content/workshop/skin/balaclava/scary burlap mask/skin.balaclava.burlapbrainsbalaclava.itemskin.asset
 
(Filename: C:/buildslave/unity/build/artifacts/generated/common/runtime/UnityEngineDebugBindings.gen.cpp Line: 37)

[BUNDLE] Not found in bundle: assets/content/workshop/skin/balaclava/skin mask/skin.balaclava.skinmask.itemskin.asset
 
(Filename: C:/buildslave/unity/build/artifacts/generated/common/runtime/UnityEngineDebugBindings.gen.cpp Line: 37)

[BUNDLE] Not found in bundle: assets/content/workshop/skin/balaclava/the necrophagus - balaclava/skin.balaclava.skinbalaclava.itemskin.asset
 
(Filename: C:/buildslave/unity/build/artifacts/generated/common/runtime/UnityEngineDebugBindings.gen.cpp Line: 37)

[BUNDLE] Not found in bundle: assets/content/workshop/skin/balaclava/the rust knight/skin.balaclava.therustknight.itemskin.asset
 
(Filename: C:/buildslave/unity/build/artifacts/generated/common/runtime/UnityEngineDebugBindings.gen.cpp Line: 37)

[BUNDLE] Not found in bundle: assets/content/workshop/skin/balaclava/valentines balaclava/skin.balaclava.valentinebalaclava.itemskin.asset
 
(Filename: C:/buildslave/unity/build/artifacts/generated/common/runtime/UnityEngineDebugBindings.gen.cpp Line: 37)

[BUNDLE] Not found in bundle: assets/content/workshop/skin/balaclava/zipper face/skin.balaclava.zipperface.itemskin.asset
 
(Filename: C:/buildslave/unity/build/artifacts/generated/common/runtime/UnityEngineDebugBindings.gen.cpp Line: 37)

[BUNDLE] Not found in bundle: assets/content/workshop/skin/bandana/creepy clown bandana/skin.bandana.creepyclownbandana.itemskin.asset
 
(Filename: C:/buildslave/unity/build/artifacts/generated/common/runtime/UnityEngineDebugBindings.gen.cpp Line: 37)

[BUNDLE] Not found in bundle: assets/content/workshop/skin/bandana/wizard bandana/skin.bandana.wizardbandana.itemskin.asset
 
(Filename: C:/buildslave/unity/build/artifacts/generated/common/runtime/UnityEngineDebugBindings.gen.cpp Line: 37)

[BUNDLE] Not found in bundle: assets/content/workshop/skin/beenie/winter deers/skin.beenie.winterdeers.itemskin.asset
 
(Filename: C:/buildslave/unity/build/artifacts/generated/common/runtime/UnityEngineDebugBindings.gen.cpp Line: 37)

[BUNDLE] Not found in bundle: assets/content/workshop/skin/box.wooden.large/ammo v2 wooden box/skin.woodstorage.ammowoodenbox.itemskin.asset
 
(Filename: C:/buildslave/unity/build/artifacts/generated/common/runtime/UnityEngineDebugBindings.gen.cpp Line: 37)

[BUNDLE] Not found in bundle: assets/content/workshop/skin/box.wooden.large/christmas storage/skin.woodstorage.christmasstorage.itemskin.asset
 
(Filename: C:/buildslave/unity/build/artifacts/generated/common/runtime/UnityEngineDebugBindings.gen.cpp Line: 37)

[BUNDLE] Not found in bundle: assets/content/workshop/skin/box.wooden.large/first aid green wooden box/skin.woodstorage.firstaidgreen.itemskin.asset
 
(Filename: C:/buildslave/unity/build/artifacts/generated/common/runtime/UnityEngineDebugBindings.gen.cpp Line: 37)

[BUNDLE] Not found in bundle: assets/content/workshop/skin/box.wooden.large/gun box - military green/skin.woodstorage.gunbox.itemskin.asset
 
(Filename: C:/buildslave/unity/build/artifacts/generated/common/runtime/UnityEngineDebugBindings.gen.cpp Line: 37)

[BUNDLE] Not found in bundle: assets/content/workshop/skin/burlap.shirt/skin.burlapshirt.piratevest&shirt.itemskin.asset
 
(Filename: C:/buildslave/unity/build/artifacts/generated/common/runtime/UnityEngineDebugBindings.gen.cpp Line: 37)

[BUNDLE] Not found in bundle: assets/content/workshop/skin/gloves.burlap/boxer's bandages/skin.burlapgloves.boxer'sbandages.itemskin.asset
 
(Filename: C:/buildslave/unity/build/artifacts/generated/common/runtime/UnityEngineDebugBindings.gen.cpp Line: 37)

[BUNDLE] Not found in bundle: assets/content/workshop/skin/hat.bucket/medic helmet/skin.buckethat.medichelmet.itemskin.asset
 
(Filename: C:/buildslave/unity/build/artifacts/generated/common/runtime/UnityEngineDebugBindings.gen.cpp Line: 37)

[BUNDLE] Not found in bundle: assets/content/workshop/skin/hat.bucket/wooden barrel bucket hat/skin.buckethat.woodenbucket.itemskin.asset
 
(Filename: C:/buildslave/unity/build/artifacts/generated/common/runtime/UnityEngineDebugBindings.gen.cpp Line: 37)

[BUNDLE] Not found in bundle: assets/content/workshop/skin/hat.cap/friendly cap/skin.cap.friendlycap.itemskin.asset
 
(Filename: C:/buildslave/unity/build/artifacts/generated/common/runtime/UnityEngineDebugBindings.gen.cpp Line: 37)

[BUNDLE] Not found in bundle: assets/content/workshop/skin/hat.cap/rescue cap/skin.cap.rescuecap.itemskin.asset
 
(Filename: C:/buildslave/unity/build/artifacts/generated/common/runtime/UnityEngineDebugBindings.gen.cpp Line: 37)

[BUNDLE] Not found in bundle: assets/content/workshop/skin/hoodie/bchillz! hoodie/skin.hoodie.bchillzhoodie.itemskin.asset
 
(Filename: C:/buildslave/unity/build/artifacts/generated/common/runtime/UnityEngineDebugBindings.gen.cpp Line: 37)

[BUNDLE] Not found in bundle: assets/content/workshop/skin/hoodie/bloody hoodie/skin.hoodie.bloodyhoodie.itemskin.asset
 
(Filename: C:/buildslave/unity/build/artifacts/generated/common/runtime/UnityEngineDebugBindings.gen.cpp Line: 37)

[BUNDLE] Not found in bundle: assets/content/workshop/skin/hoodie/cuda/skin.hoodie.cuda87hoodie.itemskin.asset
 
(Filename: C:/buildslave/unity/build/artifacts/generated/common/runtime/UnityEngineDebugBindings.gen.cpp Line: 37)

[BUNDLE] Not found in bundle: assets/content/workshop/skin/hoodie/rhino/skin.hoodie.rhinocrunchhoodie.itemskin.asset
 
(Filename: C:/buildslave/unity/build/artifacts/generated/common/runtime/UnityEngineDebugBindings.gen.cpp Line: 37)

[BUNDLE] Not found in bundle: assets/content/workshop/skin/hoodie/safety crew/skin.hoodie.safetycrew.itemskin.asset
 
(Filename: C:/buildslave/unity/build/artifacts/generated/common/runtime/UnityEngineDebugBindings.gen.cpp Line: 37)

[BUNDLE] Not found in bundle: assets/content/workshop/skin/hoodie/skeleton hoodie/skin.hoodie.skeletonhoodie.itemskin.asset
 
(Filename: C:/buildslave/unity/build/artifacts/generated/common/runtime/UnityEngineDebugBindings.gen.cpp Line: 37)

[BUNDLE] Not found in bundle: assets/content/workshop/skin/jacket/60's army snow jacket/skin.snowjacket.60'sarmyjacket.itemskin.asset
 
(Filename: C:/buildslave/unity/build/artifacts/generated/common/runtime/UnityEngineDebugBindings.gen.cpp Line: 37)

[BUNDLE] Not found in bundle: assets/content/workshop/skin/jacket/provocateur jacket/skin.jacket.provocateurjacket.itemskin.asset
 
(Filename: C:/buildslave/unity/build/artifacts/generated/common/runtime/UnityEngineDebugBindings.gen.cpp Line: 37)

[BUNDLE] Not found in bundle: assets/content/workshop/skin/jacket/salvaged shirt and coat with tie/skin.snowjacket.salvagedshirtandcoatwithtie.itemskin.asset
 
(Filename: C:/buildslave/unity/build/artifacts/generated/common/runtime/UnityEngineDebugBindings.gen.cpp Line: 37)

[BUNDLE] Not found in bundle: assets/content/workshop/skin/pants/blue track pants v.2/skin.pants.bluetrackpantsv.2.itemskin.asset
 
(Filename: C:/buildslave/unity/build/artifacts/generated/common/runtime/UnityEngineDebugBindings.gen.cpp Line: 37)

[BUNDLE] Not found in bundle: assets/content/workshop/skin/pants/old prisoner pants/skin.pants.oldprisonerpants.itemskin.asset
 
(Filename: C:/buildslave/unity/build/artifacts/generated/common/runtime/UnityEngineDebugBindings.gen.cpp Line: 37)

[BUNDLE] Not found in bundle: assets/content/workshop/skin/pants/punk rock pants/skin.pants.punkrockpants.itemskin.asset
 
(Filename: C:/buildslave/unity/build/artifacts/generated/common/runtime/UnityEngineDebugBindings.gen.cpp Line: 37)

[BUNDLE] Not found in bundle: assets/content/workshop/skin/pistol.revolver/revolver  outback/skin.revolver.revolveroutback.itemskin.asset
 
(Filename: C:/buildslave/unity/build/artifacts/generated/common/runtime/UnityEngineDebugBindings.gen.cpp Line: 37)

[BUNDLE] Not found in bundle: assets/content/workshop/skin/pistol.semi/contamination pistol/skin.semiautopistol.contaminationpistol.itemskin.asset
 
(Filename: C:/buildslave/unity/build/artifacts/generated/common/runtime/UnityEngineDebugBindings.gen.cpp Line: 37)

[BUNDLE] Not found in bundle: assets/content/workshop/skin/pistol.semi/halloween bat/skin.semiautopistol.halloweenbat.itemskin.asset
 
(Filename: C:/buildslave/unity/build/artifacts/generated/common/runtime/UnityEngineDebugBindings.gen.cpp Line: 37)

[BUNDLE] Not found in bundle: assets/content/workshop/skin/pistol.semi/red shine/skin.semiautopistol.redshine.itemskin.asset
 
(Filename: C:/buildslave/unity/build/artifacts/generated/common/runtime/UnityEngineDebugBindings.gen.cpp Line: 37)

[BUNDLE] Not found in bundle: assets/content/workshop/skin/pistol.semi/semiauto pistol  reaper note/skin.semiautopistol.reapernotepistol.itemskin.asset
 
(Filename: C:/buildslave/unity/build/artifacts/generated/common/runtime/UnityEngineDebugBindings.gen.cpp Line: 37)

[BUNDLE] Not found in bundle: assets/content/workshop/skin/rifle.bolt/bolt rifle  dreamcatcher/skin.boltrifle.dreamcatcher.itemskin.asset
 
(Filename: C:/buildslave/unity/build/artifacts/generated/common/runtime/UnityEngineDebugBindings.gen.cpp Line: 37)

[BUNDLE] Not found in bundle: assets/content/workshop/skin/rifle.bolt/ghost bolt rifle/skin.boltrifle.ghostboltrifle.itemskin.asset
 
(Filename: C:/buildslave/unity/build/artifacts/generated/common/runtime/UnityEngineDebugBindings.gen.cpp Line: 37)

[BUNDLE] Not found in bundle: assets/content/workshop/skin/rifle.bolt/tundra bolt action/skin.boltrifle.tundraboltrifle.itemskin.asset
 
(Filename: C:/buildslave/unity/build/artifacts/generated/common/runtime/UnityEngineDebugBindings.gen.cpp Line: 37)

[BUNDLE] Not found in bundle: assets/content/workshop/skin/shoes.boots/army boots/skin.boots.armyboots.itemskin.asset
 
(Filename: C:/buildslave/unity/build/artifacts/generated/common/runtime/UnityEngineDebugBindings.gen.cpp Line: 37)

[BUNDLE] Not found in bundle: assets/content/workshop/skin/shoes.boots/bloody boots/skin.boots.bloodyboots.itemskin.asset
 
(Filename: C:/buildslave/unity/build/artifacts/generated/common/runtime/UnityEngineDebugBindings.gen.cpp Line: 37)

[BUNDLE] Not found in bundle: assets/content/workshop/skin/shoes.boots/punk boots/skin.boots.punkboots.itemskin.asset
 
(Filename: C:/buildslave/unity/build/artifacts/generated/common/runtime/UnityEngineDebugBindings.gen.cpp Line: 37)

[BUNDLE] Not found in bundle: assets/content/workshop/skin/shoes.boots/scavenged sneakers/skin.boots.scavengedsneakers.itemskin.asset
 
(Filename: C:/buildslave/unity/build/artifacts/generated/common/runtime/UnityEngineDebugBindings.gen.cpp Line: 37)

[BUNDLE] Not found in bundle: assets/content/workshop/skin/shotgun.pump/pump shotgun  chieftain/skin.pumpshotgun.pumpshotgunchieftain.itemskin.asset
 
(Filename: C:/buildslave/unity/build/artifacts/generated/common/runtime/UnityEngineDebugBindings.gen.cpp Line: 37)

[BUNDLE] Not found in bundle: assets/content/workshop/skin/shotgun.pump/the swampmaster/skin.pumpshotgun.theswampmaster.itemskin.asset
 
(Filename: C:/buildslave/unity/build/artifacts/generated/common/runtime/UnityEngineDebugBindings.gen.cpp Line: 37)

[BUNDLE] Not found in bundle: assets/content/workshop/skin/shotgun.waterpipe/the peace pipe/skin.pipeshotgun.thepeacepipe.itemskin.asset
 
(Filename: C:/buildslave/unity/build/artifacts/generated/common/runtime/UnityEngineDebugBindings.gen.cpp Line: 37)

[BUNDLE] Not found in bundle: assets/content/workshop/skin/sleepingbag/blue plaid sleeping bag/skin.sleepingbag.blueplaidsleepingbag.itemskin.asset
 
(Filename: C:/buildslave/unity/build/artifacts/generated/common/runtime/UnityEngineDebugBindings.gen.cpp Line: 37)

[BUNDLE] Not found in bundle: assets/content/workshop/skin/sleepingbag/freshly dug grave/skin.sleepingbag.freshlyduggrave.itemskin.asset
 
(Filename: C:/buildslave/unity/build/artifacts/generated/common/runtime/UnityEngineDebugBindings.gen.cpp Line: 37)

[BUNDLE] Not found in bundle: assets/content/workshop/skin/sleepingbag/merry christmas sleeping bag/skin.sleepingbag.astonchristmas.itemskin.asset
 
(Filename: C:/buildslave/unity/build/artifacts/generated/common/runtime/UnityEngineDebugBindings.gen.cpp Line: 37)

[BUNDLE] Not found in bundle: assets/content/workshop/skin/sleepingbag/merry christmas/skin.sleepingbag.christmasbag.itemskin.asset
 
(Filename: C:/buildslave/unity/build/artifacts/generated/common/runtime/UnityEngineDebugBindings.gen.cpp Line: 37)

[BUNDLE] Not found in bundle: assets/content/workshop/skin/sleepingbag/sleeping horror/skin.sleepingbag.horrorbag.itemskin.asset
 
(Filename: C:/buildslave/unity/build/artifacts/generated/common/runtime/UnityEngineDebugBindings.gen.cpp Line: 37)

[BUNDLE] Not found in bundle: assets/content/workshop/skin/sleepingbag/tiger crown/skin.sleepingbag.tigercrownsleepingbag.itemskin.asset
 
(Filename: C:/buildslave/unity/build/artifacts/generated/common/runtime/UnityEngineDebugBindings.gen.cpp Line: 37)

[BUNDLE] Not found in bundle: assets/content/workshop/skin/sleepingbag/usa wood camo sleeping bag + dirt/skin.sleepingbag.woodcamosleepingbag.itemskin.asset
 
(Filename: C:/buildslave/unity/build/artifacts/generated/common/runtime/UnityEngineDebugBindings.gen.cpp Line: 37)

[BUNDLE] Not found in bundle: assets/content/workshop/skin/smg.thompson/santa's little helper/skin.thompson.santaslittlehelper.itemskin.asset
 
(Filename: C:/buildslave/unity/build/artifacts/generated/common/runtime/UnityEngineDebugBindings.gen.cpp Line: 37)

[BUNDLE] Not found in bundle: assets/content/workshop/skin/tshirt.long/christmas longtshirt/skin.longtshirt.christmasjumper.itemskin.asset
 
(Filename: C:/buildslave/unity/build/artifacts/generated/common/runtime/UnityEngineDebugBindings.gen.cpp Line: 37)

[BUNDLE] Not found in bundle: assets/content/workshop/skin/tshirt.long/creepy jack/skin.longtshirt.creepyjack.itemskin.asset
 
(Filename: C:/buildslave/unity/build/artifacts/generated/common/runtime/UnityEngineDebugBindings.gen.cpp Line: 37)

[BUNDLE] Not found in bundle: assets/content/workshop/skin/tshirt.long/lawman's shirt and vest/skin.longtshirt.lawman.itemskin.asset
 
(Filename: C:/buildslave/unity/build/artifacts/generated/common/runtime/UnityEngineDebugBindings.gen.cpp Line: 37)

[BUNDLE] Not found in bundle: assets/content/workshop/skin/tshirt.long/merry reindeer long t-shirt/skin.longtshirt.merryreindeer.itemskin.asset
 
(Filename: C:/buildslave/unity/build/artifacts/generated/common/runtime/UnityEngineDebugBindings.gen.cpp Line: 37)

[BUNDLE] Not found in bundle: assets/content/workshop/skin/tshirt/argyle scavenger/skin.tshirt.argylescavenger.itemskin.asset
 
(Filename: C:/buildslave/unity/build/artifacts/generated/common/runtime/UnityEngineDebugBindings.gen.cpp Line: 37)

[BUNDLE] Not found in bundle: assets/content/workshop/skin/tshirt/aztec long t-shirt/skin.longtshirt.azteclongt-shirt.itemskin.asset
 
(Filename: C:/buildslave/unity/build/artifacts/generated/common/runtime/UnityEngineDebugBindings.gen.cpp Line: 37)

[BUNDLE] Not found in bundle: assets/content/workshop/skin/tshirt/baseball tshirt/skin.tshirt.baseballtshirt.itemskin.asset
 
(Filename: C:/buildslave/unity/build/artifacts/generated/common/runtime/UnityEngineDebugBindings.gen.cpp Line: 37)

[BUNDLE] Not found in bundle: assets/content/workshop/skin/tshirt/black skull&bones tshirt/skin.tshirt.blackskull&bonestshirt.itemskin.asset
 
(Filename: C:/buildslave/unity/build/artifacts/generated/common/runtime/UnityEngineDebugBindings.gen.cpp Line: 37)

[BUNDLE] Not found in bundle: assets/content/workshop/skin/tshirt/facepunch tshirt/skin.tshirt.facepunchtshirt.itemskin.asset
 
(Filename: C:/buildslave/unity/build/artifacts/generated/common/runtime/UnityEngineDebugBindings.gen.cpp Line: 37)

[BUNDLE] Not found in bundle: assets/content/workshop/skin/tshirt/frankensteins sweater/skin.longtshirt.frankensteinssweater.itemskin.asset
 
(Filename: C:/buildslave/unity/build/artifacts/generated/common/runtime/UnityEngineDebugBindings.gen.cpp Line: 37)

[BUNDLE] Not found in bundle: assets/content/workshop/skin/tshirt/green checkered shirt/shirtgreen.itemskin.asset
 
(Filename: C:/buildslave/unity/build/artifacts/generated/common/runtime/UnityEngineDebugBindings.gen.cpp Line: 37)

[BUNDLE] Not found in bundle: assets/content/workshop/skin/tshirt/hacker valley veteran/skin.tshirt.hackervalleyveteran.itemskin.asset
 
(Filename: C:/buildslave/unity/build/artifacts/generated/common/runtime/UnityEngineDebugBindings.gen.cpp Line: 37)

[BUNDLE] Not found in bundle: assets/content/workshop/skin/tshirt/japanese murderer tshirt/skin.tshirt.murderertshirt.itemskin.asset
 
(Filename: C:/buildslave/unity/build/artifacts/generated/common/runtime/UnityEngineDebugBindings.gen.cpp Line: 37)

[BUNDLE] Not found in bundle: assets/content/workshop/skin/tshirt/missing textures full/skin.tshirt.missingtexturesfull.itemskin.asset
 
(Filename: C:/buildslave/unity/build/artifacts/generated/common/runtime/UnityEngineDebugBindings.gen.cpp Line: 37)

[BUNDLE] Not found in bundle: assets/content/workshop/skin/tshirt/nightmare sweater/skin.longtshirt.nightmaresweater.itemskin.asset
 
(Filename: C:/buildslave/unity/build/artifacts/generated/common/runtime/UnityEngineDebugBindings.gen.cpp Line: 37)

[BUNDLE] Not found in bundle: assets/content/workshop/skin/tshirt/ser/skin.tshirt.serwintertshirt.itemskin.asset
 
(Filename: C:/buildslave/unity/build/artifacts/generated/common/runtime/UnityEngineDebugBindings.gen.cpp Line: 37)

[BUNDLE] Not found in bundle: assets/content/workshop/skin/tshirt/shadowfrax/skin.tshirt.shadowfraxtshirt.itemskin.asset
 
(Filename: C:/buildslave/unity/build/artifacts/generated/common/runtime/UnityEngineDebugBindings.gen.cpp Line: 37)

[BUNDLE] Not found in bundle: assets/content/workshop/skin/tshirt/sign painter's long tshirt/skin.longtshirt.signpainter'slongtshirt.itemskin.asset
 
(Filename: C:/buildslave/unity/build/artifacts/generated/common/runtime/UnityEngineDebugBindings.gen.cpp Line: 37)

[BUNDLE] Not found in bundle: assets/content/workshop/skin/tshirt/smile t-shirt/skin.tshirt.smilet-shirt.itemskin.asset
 
(Filename: C:/buildslave/unity/build/artifacts/generated/common/runtime/UnityEngineDebugBindings.gen.cpp Line: 37)

[BUNDLE] Not found in bundle: assets/content/workshop/skin/tshirt/target practice tshirt/skin.tshirt.targetpracticetshirt.itemskin.asset
 
(Filename: C:/buildslave/unity/build/artifacts/generated/common/runtime/UnityEngineDebugBindings.gen.cpp Line: 37)

[BUNDLE] Not found in bundle: assets/content/workshop/skin/tshirt/varsity jacket/skin.longtshirt.varsityjacket.itemskin.asset
 
(Filename: C:/buildslave/unity/build/artifacts/generated/common/runtime/UnityEngineDebugBindings.gen.cpp Line: 37)

[BUNDLE] Not found in bundle: assets/content/workshop/skin/tshirt/vyshyvanka/skin.tshirt.vyshyvanka.itemskin.asset
 
(Filename: C:/buildslave/unity/build/artifacts/generated/common/runtime/UnityEngineDebugBindings.gen.cpp Line: 37)

[BUNDLE] Not found in bundle: assets/content/workshop/skin/unknown/farmer hat/skin.boonie.farmerhat.itemskin.asset
 
(Filename: C:/buildslave/unity/build/artifacts/generated/common/runtime/UnityEngineDebugBindings.gen.cpp Line: 37)

[BUNDLE] Not found in bundle: assets/content/workshop/skin/unknown/murica balaclava/skin.balaclava.muricabalaclava.itemskin.asset
 
(Filename: C:/buildslave/unity/build/artifacts/generated/common/runtime/UnityEngineDebugBindings.gen.cpp Line: 37)

[BUNDLE] Not found in bundle: assets/content/workshop/skin/unknown/rasta beenie/skin.beenie.rastabeenie.itemskin.asset
 
(Filename: C:/buildslave/unity/build/artifacts/generated/common/runtime/UnityEngineDebugBindings.gen.cpp Line: 37)

[BUNDLE] Not found in bundle: assets/content/workshop/skin/unknown/rorschach skull/skin.balaclava.rorschachskull.itemskin.asset
 
(Filename: C:/buildslave/unity/build/artifacts/generated/common/runtime/UnityEngineDebugBindings.gen.cpp Line: 37)

[BUNDLE] Not found in bundle: assets/prefabs/clothes/hat.beenie/black/hat.beenie.black.itemskin.asset
 
(Filename: C:/buildslave/unity/build/artifacts/generated/common/runtime/UnityEngineDebugBindings.gen.cpp Line: 37)

[BUNDLE] Not found in bundle: assets/prefabs/clothes/hat.beenie/blue/hat.beenie.blue.itemskin.asset
 
(Filename: C:/buildslave/unity/build/artifacts/generated/common/runtime/UnityEngineDebugBindings.gen.cpp Line: 37)

[BUNDLE] Not found in bundle: assets/prefabs/clothes/hat.beenie/green/hat.beenie.green.itemskin.asset
 
(Filename: C:/buildslave/unity/build/artifacts/generated/common/runtime/UnityEngineDebugBindings.gen.cpp Line: 37)

[BUNDLE] Not found in bundle: assets/prefabs/clothes/hat.beenie/red/hat.beenie.red.itemskin.asset
 
(Filename: C:/buildslave/unity/build/artifacts/generated/common/runtime/UnityEngineDebugBindings.gen.cpp Line: 37)

[BUNDLE] Not found in bundle: assets/prefabs/clothes/hat.cap/blue/hat.cap.blue.itemskin.asset
 
(Filename: C:/buildslave/unity/build/artifacts/generated/common/runtime/UnityEngineDebugBindings.gen.cpp Line: 37)

[BUNDLE] Not found in bundle: assets/prefabs/clothes/hat.cap/forestcamo/hat.cap.forestcamo.itemskin.asset
 
(Filename: C:/buildslave/unity/build/artifacts/generated/common/runtime/UnityEngineDebugBindings.gen.cpp Line: 37)

[BUNDLE] Not found in bundle: assets/prefabs/clothes/hat.cap/green/hat.cap.green.itemskin.asset
 
(Filename: C:/buildslave/unity/build/artifacts/generated/common/runtime/UnityEngineDebugBindings.gen.cpp Line: 37)

[BUNDLE] Not found in bundle: assets/prefabs/clothes/hat.cap/grey/hat.cap.grey.itemskin.asset
 
(Filename: C:/buildslave/unity/build/artifacts/generated/common/runtime/UnityEngineDebugBindings.gen.cpp Line: 37)

[BUNDLE] Not found in bundle: assets/prefabs/clothes/hat.cap/red/hat.cap.red.itemskin.asset
 
(Filename: C:/buildslave/unity/build/artifacts/generated/common/runtime/UnityEngineDebugBindings.gen.cpp Line: 37)

[BUNDLE] Not found in bundle: assets/prefabs/clothes/hoodie/black/hoodie.black.itemskin.asset
 
(Filename: C:/buildslave/unity/build/artifacts/generated/common/runtime/UnityEngineDebugBindings.gen.cpp Line: 37)

[BUNDLE] Not found in bundle: assets/prefabs/clothes/hoodie/blue/hoodie.blue.itemskin.asset
 
(Filename: C:/buildslave/unity/build/artifacts/generated/common/runtime/UnityEngineDebugBindings.gen.cpp Line: 37)

[BUNDLE] Not found in bundle: assets/prefabs/clothes/hoodie/green/hoodie.green.itemskin.asset
 
(Filename: C:/buildslave/unity/build/artifacts/generated/common/runtime/UnityEngineDebugBindings.gen.cpp Line: 37)

[BUNDLE] Not found in bundle: assets/prefabs/clothes/jacket.snow/jacket.snow.black.itemskin.asset
 
(Filename: C:/buildslave/unity/build/artifacts/generated/common/runtime/UnityEngineDebugBindings.gen.cpp Line: 37)

[BUNDLE] Not found in bundle: assets/prefabs/clothes/jacket.snow/jacket.snow.woodland.itemskin.asset
 
(Filename: C:/buildslave/unity/build/artifacts/generated/common/runtime/UnityEngineDebugBindings.gen.cpp Line: 37)

[BUNDLE] Not found in bundle: assets/prefabs/clothes/jacket/blue/jacket.blue.itemskin.asset
 
(Filename: C:/buildslave/unity/build/artifacts/generated/common/runtime/UnityEngineDebugBindings.gen.cpp Line: 37)

[BUNDLE] Not found in bundle: assets/prefabs/clothes/jacket/desertcamo/jacket.desertcamo.itemskin.asset
 
(Filename: C:/buildslave/unity/build/artifacts/generated/common/runtime/UnityEngineDebugBindings.gen.cpp Line: 37)

[BUNDLE] Not found in bundle: assets/prefabs/clothes/jacket/green/jacket.green.itemskin.asset
 
(Filename: C:/buildslave/unity/build/artifacts/generated/common/runtime/UnityEngineDebugBindings.gen.cpp Line: 37)

[BUNDLE] Not found in bundle: assets/prefabs/clothes/jacket/hunter/jacket.hunter.itemskin.asset
 
(Filename: C:/buildslave/unity/build/artifacts/generated/common/runtime/UnityEngineDebugBindings.gen.cpp Line: 37)

[BUNDLE] Not found in bundle: assets/prefabs/clothes/jacket/multicam/jacket.multicam.itemskin.asset
 
(Filename: C:/buildslave/unity/build/artifacts/generated/common/runtime/UnityEngineDebugBindings.gen.cpp Line: 37)

[BUNDLE] Not found in bundle: assets/prefabs/clothes/jacket/red/jacket.red.itemskin.asset
 
(Filename: C:/buildslave/unity/build/artifacts/generated/common/runtime/UnityEngineDebugBindings.gen.cpp Line: 37)

[BUNDLE] Not found in bundle: assets/prefabs/clothes/jacket/snowcamo/jacket.snowcamo.itemskin.asset
 
(Filename: C:/buildslave/unity/build/artifacts/generated/common/runtime/UnityEngineDebugBindings.gen.cpp Line: 37)

[BUNDLE] Not found in bundle: assets/prefabs/clothes/jacket/urbancamo/jacket.urbancamo.itemskin.asset
 
(Filename: C:/buildslave/unity/build/artifacts/generated/common/runtime/UnityEngineDebugBindings.gen.cpp Line: 37)

[BUNDLE] Not found in bundle: assets/prefabs/clothes/pants/forestcamo/pants.forestcamo.itemskin.asset
 
(Filename: C:/buildslave/unity/build/artifacts/generated/common/runtime/UnityEngineDebugBindings.gen.cpp Line: 37)

[BUNDLE] Not found in bundle: assets/prefabs/clothes/pants/jeans/pants.jeans.itemskin.asset
 
(Filename: C:/buildslave/unity/build/artifacts/generated/common/runtime/UnityEngineDebugBindings.gen.cpp Line: 37)

[BUNDLE] Not found in bundle: assets/prefabs/clothes/pants/snowcamo/pants.snowcamo.itemskin.asset
 
(Filename: C:/buildslave/unity/build/artifacts/generated/common/runtime/UnityEngineDebugBindings.gen.cpp Line: 37)

[BUNDLE] Not found in bundle: assets/prefabs/clothes/pants/urbancamo/pants.urbancamo.itemskin.asset
 
(Filename: C:/buildslave/unity/build/artifacts/generated/common/runtime/UnityEngineDebugBindings.gen.cpp Line: 37)

[BUNDLE] Not found in bundle: assets/prefabs/clothes/shoes.boots/black/shoes.boots.black.itemskin.asset
 
(Filename: C:/buildslave/unity/build/artifacts/generated/common/runtime/UnityEngineDebugBindings.gen.cpp Line: 37)

[BUNDLE] Not found in bundle: assets/prefabs/clothes/shoes.boots/tan/shoes.boots.tan.itemskin.asset
 
(Filename: C:/buildslave/unity/build/artifacts/generated/common/runtime/UnityEngineDebugBindings.gen.cpp Line: 37)

[BUNDLE] Not found in bundle: assets/prefabs/clothes/tshirt.long/black/tshirt.long.black.itemskin.asset
 
(Filename: C:/buildslave/unity/build/artifacts/generated/common/runtime/UnityEngineDebugBindings.gen.cpp Line: 37)

[BUNDLE] Not found in bundle: assets/prefabs/clothes/tshirt.long/grey/tshirt.long.grey.itemskin.asset
 
(Filename: C:/buildslave/unity/build/artifacts/generated/common/runtime/UnityEngineDebugBindings.gen.cpp Line: 37)

[BUNDLE] Not found in bundle: assets/prefabs/clothes/tshirt.long/orange/tshirt.long.orange.itemskin.asset
 
(Filename: C:/buildslave/unity/build/artifacts/generated/common/runtime/UnityEngineDebugBindings.gen.cpp Line: 37)

[BUNDLE] Not found in bundle: assets/prefabs/clothes/tshirt.long/yellow/tshirt.long.yellow.itemskin.asset
 
(Filename: C:/buildslave/unity/build/artifacts/generated/common/runtime/UnityEngineDebugBindings.gen.cpp Line: 37)

[BUNDLE] Not found in bundle: assets/prefabs/clothes/tshirt/black/tshirt.black.itemskin.asset
 
(Filename: C:/buildslave/unity/build/artifacts/generated/common/runtime/UnityEngineDebugBindings.gen.cpp Line: 37)

[BUNDLE] Not found in bundle: assets/prefabs/clothes/tshirt/blue/tshirt.blue.itemskin.asset
 
(Filename: C:/buildslave/unity/build/artifacts/generated/common/runtime/UnityEngineDebugBindings.gen.cpp Line: 37)

[BUNDLE] Not found in bundle: assets/prefabs/clothes/tshirt/flag.germany/tshirt.flag.germany.itemskin.asset
 
(Filename: C:/buildslave/unity/build/artifacts/generated/common/runtime/UnityEngineDebugBindings.gen.cpp Line: 37)

[BUNDLE] Not found in bundle: assets/prefabs/clothes/tshirt/flag.russia/tshirt.flag.russia.itemskin.asset
 
(Filename: C:/buildslave/unity/build/artifacts/generated/common/runtime/UnityEngineDebugBindings.gen.cpp Line: 37)

[BUNDLE] Not found in bundle: assets/prefabs/clothes/tshirt/forestcamo/tshirt.forestcamo.itemskin.asset
 
(Filename: C:/buildslave/unity/build/artifacts/generated/common/runtime/UnityEngineDebugBindings.gen.cpp Line: 37)

[BUNDLE] Not found in bundle: assets/prefabs/clothes/tshirt/gmod/tshirt.gmod.itemskin.asset
 
(Filename: C:/buildslave/unity/build/artifacts/generated/common/runtime/UnityEngineDebugBindings.gen.cpp Line: 37)

[BUNDLE] Not found in bundle: assets/prefabs/clothes/tshirt/red/tshirt.red.itemskin.asset
 
(Filename: C:/buildslave/unity/build/artifacts/generated/common/runtime/UnityEngineDebugBindings.gen.cpp Line: 37)

[BUNDLE] Not found in bundle: assets/prefabs/clothes/tshirt/urbancamo/tshirt.urbancamo.itemskin.asset
 
(Filename: C:/buildslave/unity/build/artifacts/generated/common/runtime/UnityEngineDebugBindings.gen.cpp Line: 37)

[Oxide] 16:48 [Warning] [Stack Size Controller] Updating configuration file with new values.
 
(Filename: C:/buildslave/unity/build/artifacts/generated/common/runtime/UnityEngineDebugBindings.gen.cpp Line: 37)

[admin] giving Bokudo 1000 x Salvaged Axe
 
(Filename: C:/buildslave/unity/build/artifacts/generated/common/runtime/UnityEngineDebugBindings.gen.cpp Line: 37)

Saved 4,001 ents, serialization(0.00), write(0.00), disk(0.00) totalstall(0.00).
 
(Filename: C:/buildslave/unity/build/artifacts/generated/common/runtime/UnityEngineDebugBindings.gen.cpp Line: 37)

Saving complete
 
(Filename: C:/buildslave/unity/build/artifacts/generated/common/runtime/UnityEngineDebugBindings.gen.cpp Line: 37)

[event] assets/prefabs/npc/patrol helicopter/patrolhelicopter.prefab
 
(Filename: C:/buildslave/unity/build/artifacts/generated/common/runtime/UnityEngineDebugBindings.gen.cpp Line: 37)

Saved 4,012 ents, serialization(0.00), write(0.00), disk(0.00) totalstall(0.00).
 
(Filename: C:/buildslave/unity/build/artifacts/generated/common/runtime/UnityEngineDebugBindings.gen.cpp Line: 37)

Saving complete
 
(Filename: C:/buildslave/unity/build/artifacts/generated/common/runtime/UnityEngineDebugBindings.gen.cpp Line: 37)

Saved 4,013 ents, serialization(0.00), write(0.00), disk(0.00) totalstall(0.00).
 
(Filename: C:/buildslave/unity/build/artifacts/generated/common/runtime/UnityEngineDebugBindings.gen.cpp Line: 37)

Saving complete
 
(Filename: C:/buildslave/unity/build/artifacts/generated/common/runtime/UnityEngineDebugBindings.gen.cpp Line: 37)

Saved 4,012 ents, serialization(0.00), write(0.00), disk(0.00) totalstall(0.00).
 
(Filename: C:/buildslave/unity/build/artifacts/generated/common/runtime/UnityEngineDebugBindings.gen.cpp Line: 37)

Saving complete
 
(Filename: C:/buildslave/unity/build/artifacts/generated/common/runtime/UnityEngineDebugBindings.gen.cpp Line: 37)

Saved 4,004 ents, serialization(0.00), write(0.00), disk(0.00) totalstall(0.00).
 
(Filename: C:/buildslave/unity/build/artifacts/generated/common/runtime/UnityEngineDebugBindings.gen.cpp Line: 37)

Saving complete
 
(Filename: C:/buildslave/unity/build/artifacts/generated/common/runtime/UnityEngineDebugBindings.gen.cpp Line: 37)

Saved 4,003 ents, serialization(0.00), write(0.00), disk(0.00) totalstall(0.00).
 
(Filename: C:/buildslave/unity/build/artifacts/generated/common/runtime/UnityEngineDebugBindings.gen.cpp Line: 37)

Saving complete
 
(Filename: C:/buildslave/unity/build/artifacts/generated/common/runtime/UnityEngineDebugBindings.gen.cpp Line: 37)

[Oxide] 16:56 [Info] [Notifier v2.18.4] Respeite as regras do servidor /rules.
 
(Filename: C:/buildslave/unity/build/artifacts/generated/common/runtime/UnityEngineDebugBindings.gen.cpp Line: 37)

[Oxide] 16:56 [Info] [Notifier] Cheating or abusing of game exploits will result in a permanent ban.
 
(Filename: C:/buildslave/unity/build/artifacts/generated/common/runtime/UnityEngineDebugBindings.gen.cpp Line: 37)

Saved 4,011 ents, serialization(0.00), write(0.00), disk(0.00) totalstall(0.00).
 
(Filename: C:/buildslave/unity/build/artifacts/generated/common/runtime/UnityEngineDebugBindings.gen.cpp Line: 37)

Saving complete
 
(Filename: C:/buildslave/unity/build/artifacts/generated/common/runtime/UnityEngineDebugBindings.gen.cpp Line: 37)

Saved 4,006 ents, serialization(0.00), write(0.00), disk(0.00) totalstall(0.00).
 
(Filename: C:/buildslave/unity/build/artifacts/generated/common/runtime/UnityEngineDebugBindings.gen.cpp Line: 37)

Saving complete
 
(Filename: C:/buildslave/unity/build/artifacts/generated/common/runtime/UnityEngineDebugBindings.gen.cpp Line: 37)

Saved 4,011 ents, serialization(0.00), write(0.00), disk(0.00) totalstall(0.00).
 
(Filename: C:/buildslave/unity/build/artifacts/generated/common/runtime/UnityEngineDebugBindings.gen.cpp Line: 37)

Saving complete
 
(Filename: C:/buildslave/unity/build/artifacts/generated/common/runtime/UnityEngineDebugBindings.gen.cpp Line: 37)

Saved 4,014 ents, serialization(0.00), write(0.00), disk(0.00) totalstall(0.00).
 
(Filename: C:/buildslave/unity/build/artifacts/generated/common/runtime/UnityEngineDebugBindings.gen.cpp Line: 37)

Saving complete
 
(Filename: C:/buildslave/unity/build/artifacts/generated/common/runtime/UnityEngineDebugBindings.gen.cpp Line: 37)

Saved 4,011 ents, serialization(0.00), write(0.00), disk(0.00) totalstall(0.00).
 
(Filename: C:/buildslave/unity/build/artifacts/generated/common/runtime/UnityEngineDebugBindings.gen.cpp Line: 37)

Saving complete
 
(Filename: C:/buildslave/unity/build/artifacts/generated/common/runtime/UnityEngineDebugBindings.gen.cpp Line: 37)

